This file contains any messages produced by compilers while
running configure, to aid debugging if configure makes a mistake.

It was created by LRDE Tiger Compiler configure 1.91.a, which was
generated by GNU Autoconf 2.71.  Invocation command line was

  $ ./configure 'CXXFLAGS=-std=c++20 -O0 -g -fno-inline'

## --------- ##
## Platform. ##
## --------- ##

hostname = r10p05.sm28.rns-stc.sm.cri.epita.fr
uname -m = x86_64
uname -r = 5.10.93
uname -s = Linux
uname -v = #1-NixOS SMP Thu Jan 20 08:17:52 UTC 2022

/usr/bin/uname -p = unknown
/bin/uname -X     = unknown

/bin/arch              = unknown
/usr/bin/arch -k       = unknown
/usr/convex/getsysinfo = unknown
/usr/bin/hostinfo      = unknown
/bin/machine           = unknown
/usr/bin/oslevel       = unknown
/bin/universe          = unknown

PATH: /run/wrappers/bin/
PATH: /home/thibault.boutet/.nix-profile/bin/
PATH: /etc/profiles/per-user/thibault.boutet/bin/
PATH: /nix/var/nix/profiles/default/bin/
PATH: /run/current-system/sw/bin/


## ----------- ##
## Core tests. ##
## ----------- ##

configure:2870: looking for aux files: ltmain.sh compile ar-lib config.guess config.sub missing install-sh
configure:2883:  trying ./build-aux/
configure:2912:   ./build-aux/ltmain.sh found
configure:2912:   ./build-aux/compile found
configure:2912:   ./build-aux/ar-lib found
configure:2912:   ./build-aux/config.guess found
configure:2912:   ./build-aux/config.sub found
configure:2912:   ./build-aux/missing found
configure:2894:   ./build-aux/install-sh found
configure:3047: checking for a BSD-compatible install
configure:3120: result: /run/current-system/sw/bin/install -c
configure:3131: checking whether build environment is sane
configure:3186: result: yes
configure:3345: checking for a race-free mkdir -p
configure:3389: result: /run/current-system/sw/bin/mkdir -p
configure:3396: checking for gawk
configure:3417: found /run/current-system/sw/bin/gawk
configure:3428: result: gawk
configure:3439: checking whether make sets $(MAKE)
configure:3462: result: yes
configure:3492: checking whether make supports nested variables
configure:3510: result: yes
configure:3646: checking whether make supports nested variables
configure:3664: result: yes
configure:3757: checking for g++
configure:3778: found /run/current-system/sw/bin/g++
configure:3789: result: g++
configure:3816: checking for C++ compiler version
configure:3825: g++ --version >&5
g++ (GCC) 10.3.0
Copyright (C) 2020 Free Software Foundation, Inc.
This is free software; see the source for copying conditions.  There is NO
warranty; not even for MERCHANTABILITY or FITNESS FOR A PARTICULAR PURPOSE.

configure:3836: $? = 0
configure:3825: g++ -v >&5
Using built-in specs.
COLLECT_GCC=/nix/store/xlh4fb3v83rn2l7y27png6c2w3mm1mwj-gcc-10.3.0/bin/g++
COLLECT_LTO_WRAPPER=/nix/store/xlh4fb3v83rn2l7y27png6c2w3mm1mwj-gcc-10.3.0/libexec/gcc/x86_64-unknown-linux-gnu/10.3.0/lto-wrapper
Target: x86_64-unknown-linux-gnu
Configured with: 
Thread model: posix
Supported LTO compression algorithms: zlib
gcc version 10.3.0 (GCC) 
configure:3836: $? = 0
configure:3825: g++ -V >&5
g++: error: unrecognized command-line option '-V'
g++: fatal error: no input files
compilation terminated.
configure:3836: $? = 1
configure:3825: g++ -qversion >&5
g++: error: unrecognized command-line option '-qversion'; did you mean '--version'?
g++: fatal error: no input files
compilation terminated.
configure:3836: $? = 1
configure:3856: checking whether the C++ compiler works
configure:3878: g++ -std=c++20 -O0 -g -fno-inline   conftest.cpp  >&5
configure:3882: $? = 0
configure:3932: result: yes
configure:3935: checking for C++ compiler default output file name
configure:3937: result: a.out
configure:3943: checking for suffix of executables
configure:3950: g++ -o conftest -std=c++20 -O0 -g -fno-inline   conftest.cpp  >&5
configure:3954: $? = 0
configure:3977: result: 
configure:3999: checking whether we are cross compiling
configure:4007: g++ -o conftest -std=c++20 -O0 -g -fno-inline   conftest.cpp  >&5
configure:4011: $? = 0
configure:4018: ./conftest
configure:4022: $? = 0
configure:4037: result: no
configure:4042: checking for suffix of object files
configure:4065: g++ -c -std=c++20 -O0 -g -fno-inline  conftest.cpp >&5
configure:4069: $? = 0
configure:4091: result: o
configure:4095: checking whether the compiler supports GNU C++
configure:4115: g++ -c -std=c++20 -O0 -g -fno-inline  conftest.cpp >&5
configure:4115: $? = 0
configure:4125: result: yes
configure:4136: checking whether g++ accepts -g
configure:4157: g++ -c -g  conftest.cpp >&5
configure:4157: $? = 0
configure:4201: result: yes
configure:4221: checking for g++ option to enable C++11 features
configure:4236: g++  -c -std=c++20 -O0 -g -fno-inline  conftest.cpp >&5
conftest.cpp: In function 'int main(int, char**)':
conftest.cpp:194:22: error: invalid conversion from 'const char8_t*' to 'const char*' [-fpermissive]
  194 |   char const *utf8 = u8"UTF-8 string \u2500";
      |                      ^~~~~~~~~~~~~~~~~~~~~~~
      |                      |
      |                      const char8_t*
configure:4236: $? = 1
configure: failed program was:
| /* confdefs.h */
| #define PACKAGE_NAME "LRDE Tiger Compiler"
| #define PACKAGE_TARNAME "tc"
| #define PACKAGE_VERSION "1.91.a"
| #define PACKAGE_STRING "LRDE Tiger Compiler 1.91.a"
| #define PACKAGE_BUGREPORT "tiger@lrde.epita.fr"
| #define PACKAGE_URL "http://tiger.lrde.epita.fr"
| #define PACKAGE "tc"
| #define VERSION "1.91.a"
| /* end confdefs.h.  */
| 
| // Does the compiler advertise C++98 conformance?
| #if !defined __cplusplus || __cplusplus < 199711L
| # error "Compiler does not advertise C++98 conformance"
| #endif
| 
| // These inclusions are to reject old compilers that
| // lack the unsuffixed header files.
| #include <cstdlib>
| #include <exception>
| 
| // <cassert> and <cstring> are *not* freestanding headers in C++98.
| extern void assert (int);
| namespace std {
|   extern int strcmp (const char *, const char *);
| }
| 
| // Namespaces, exceptions, and templates were all added after "C++ 2.0".
| using std::exception;
| using std::strcmp;
| 
| namespace {
| 
| void test_exception_syntax()
| {
|   try {
|     throw "test";
|   } catch (const char *s) {
|     // Extra parentheses suppress a warning when building autoconf itself,
|     // due to lint rules shared with more typical C programs.
|     assert (!(strcmp) (s, "test"));
|   }
| }
| 
| template <typename T> struct test_template
| {
|   T const val;
|   explicit test_template(T t) : val(t) {}
|   template <typename U> T add(U u) { return static_cast<T>(u) + val; }
| };
| 
| } // anonymous namespace
| 
| 
| // Does the compiler advertise C++ 2011 conformance?
| #if !defined __cplusplus || __cplusplus < 201103L
| # error "Compiler does not advertise C++11 conformance"
| #endif
| 
| namespace cxx11test
| {
|   constexpr int get_val() { return 20; }
| 
|   struct testinit
|   {
|     int i;
|     double d;
|   };
| 
|   class delegate
|   {
|   public:
|     delegate(int n) : n(n) {}
|     delegate(): delegate(2354) {}
| 
|     virtual int getval() { return this->n; };
|   protected:
|     int n;
|   };
| 
|   class overridden : public delegate
|   {
|   public:
|     overridden(int n): delegate(n) {}
|     virtual int getval() override final { return this->n * 2; }
|   };
| 
|   class nocopy
|   {
|   public:
|     nocopy(int i): i(i) {}
|     nocopy() = default;
|     nocopy(const nocopy&) = delete;
|     nocopy & operator=(const nocopy&) = delete;
|   private:
|     int i;
|   };
| 
|   // for testing lambda expressions
|   template <typename Ret, typename Fn> Ret eval(Fn f, Ret v)
|   {
|     return f(v);
|   }
| 
|   // for testing variadic templates and trailing return types
|   template <typename V> auto sum(V first) -> V
|   {
|     return first;
|   }
|   template <typename V, typename... Args> auto sum(V first, Args... rest) -> V
|   {
|     return first + sum(rest...);
|   }
| }
| 
| 
| int
| main (int argc, char **argv)
| {
|   int ok = 0;
|   
|   assert (argc);
|   assert (! argv[0]);
| {
|   test_exception_syntax ();
|   test_template<double> tt (2.0);
|   assert (tt.add (4) == 6.0);
|   assert (true && !false);
| }
| 
|   
| {
|   // Test auto and decltype
|   auto a1 = 6538;
|   auto a2 = 48573953.4;
|   auto a3 = "String literal";
| 
|   int total = 0;
|   for (auto i = a3; *i; ++i) { total += *i; }
| 
|   decltype(a2) a4 = 34895.034;
| }
| {
|   // Test constexpr
|   short sa[cxx11test::get_val()] = { 0 };
| }
| {
|   // Test initializer lists
|   cxx11test::testinit il = { 4323, 435234.23544 };
| }
| {
|   // Test range-based for
|   int array[] = {9, 7, 13, 15, 4, 18, 12, 10, 5, 3,
|                  14, 19, 17, 8, 6, 20, 16, 2, 11, 1};
|   for (auto &x : array) { x += 23; }
| }
| {
|   // Test lambda expressions
|   using cxx11test::eval;
|   assert (eval ([](int x) { return x*2; }, 21) == 42);
|   double d = 2.0;
|   assert (eval ([&](double x) { return d += x; }, 3.0) == 5.0);
|   assert (d == 5.0);
|   assert (eval ([=](double x) mutable { return d += x; }, 4.0) == 9.0);
|   assert (d == 5.0);
| }
| {
|   // Test use of variadic templates
|   using cxx11test::sum;
|   auto a = sum(1);
|   auto b = sum(1, 2);
|   auto c = sum(1.0, 2.0, 3.0);
| }
| {
|   // Test constructor delegation
|   cxx11test::delegate d1;
|   cxx11test::delegate d2();
|   cxx11test::delegate d3(45);
| }
| {
|   // Test override and final
|   cxx11test::overridden o1(55464);
| }
| {
|   // Test nullptr
|   char *c = nullptr;
| }
| {
|   // Test template brackets
|   test_template<::test_template<int>> v(test_template<int>(12));
| }
| {
|   // Unicode literals
|   char const *utf8 = u8"UTF-8 string \u2500";
|   char16_t const *utf16 = u"UTF-8 string \u2500";
|   char32_t const *utf32 = U"UTF-32 string \u2500";
| }
| 
|   return ok;
| }
| 
configure:4254: result: none needed
configure:4328: checking for style of include used by make
configure:4376: result: GNU
configure:4403: checking dependency style of g++
configure:4515: result: gcc3
configure:4577: checking build system type
configure:4592: result: x86_64-pc-linux-gnu
configure:4612: checking host system type
configure:4626: result: x86_64-pc-linux-gnu
configure:4696: checking whether C++ compiler accepts -std=c++20
configure:4716: g++ -c -std=c++20 -O0 -g -fno-inline  -std=c++20  conftest.cpp >&5
configure:4716: $? = 0
configure:4725: result: yes
configure:4742: checking whether C++ compiler accepts -pipe
configure:4762: g++ -c -std=c++20 -O0 -g -fno-inline -std=c++20  -pipe  conftest.cpp >&5
configure:4762: $? = 0
configure:4771: result: yes
configure:4782: checking for grep that handles long lines and -e
configure:4846: result: /run/current-system/sw/bin/grep
configure:4851: checking for egrep
configure:4919: result: /run/current-system/sw/bin/grep -E
configure:4924: checking whether C++ compiler accepts -Wall
configure:4945: g++ -c -std=c++20 -O0 -g -fno-inline -std=c++20 -pipe -Wall  conftest.cpp >&5
configure:4953: $? = 0
configure:4956: test -s conftest.o
configure:4959: $? = 0
configure:4974: result: yes
configure:4980: checking whether C++ compiler accepts -W
configure:5001: g++ -c -std=c++20 -O0 -g -fno-inline -std=c++20 -pipe -W  conftest.cpp >&5
configure:5009: $? = 0
configure:5012: test -s conftest.o
configure:5015: $? = 0
configure:5030: result: yes
configure:5036: checking whether C++ compiler accepts -Wcast-align
configure:5057: g++ -c -std=c++20 -O0 -g -fno-inline -std=c++20 -pipe -Wcast-align  conftest.cpp >&5
configure:5065: $? = 0
configure:5068: test -s conftest.o
configure:5071: $? = 0
configure:5086: result: yes
configure:5092: checking whether C++ compiler accepts -Wcast-qual
configure:5113: g++ -c -std=c++20 -O0 -g -fno-inline -std=c++20 -pipe -Wcast-qual  conftest.cpp >&5
configure:5121: $? = 0
configure:5124: test -s conftest.o
configure:5127: $? = 0
configure:5142: result: yes
configure:5148: checking whether C++ compiler accepts -Wformat
configure:5169: g++ -c -std=c++20 -O0 -g -fno-inline -std=c++20 -pipe -Wformat  conftest.cpp >&5
configure:5177: $? = 0
configure:5180: test -s conftest.o
configure:5183: $? = 0
configure:5198: result: yes
configure:5204: checking whether C++ compiler accepts -Wmissing-prototypes
configure:5225: g++ -c -std=c++20 -O0 -g -fno-inline -std=c++20 -pipe -Wmissing-prototypes  conftest.cpp >&5
cc1plus: warning: command-line option '-Wmissing-prototypes' is valid for C/ObjC but not for C++
configure:5233: $? = 0
configure:5236: test -s conftest.o
configure:5239: $? = 0
configure:5254: result: no
configure:5260: checking whether C++ compiler accepts -Wstrict-prototypes
configure:5281: g++ -c -std=c++20 -O0 -g -fno-inline -std=c++20 -pipe -Wstrict-prototypes  conftest.cpp >&5
cc1plus: warning: command-line option '-Wstrict-prototypes' is valid for C/ObjC but not for C++
configure:5289: $? = 0
configure:5292: test -s conftest.o
configure:5295: $? = 0
configure:5310: result: no
configure:5316: checking whether C++ compiler accepts -Wwrite-strings
configure:5337: g++ -c -std=c++20 -O0 -g -fno-inline -std=c++20 -pipe -Wwrite-strings  conftest.cpp >&5
configure:5345: $? = 0
configure:5348: test -s conftest.o
configure:5351: $? = 0
configure:5366: result: yes
configure:5372: checking whether C++ compiler accepts -Wbad-function-cast
configure:5393: g++ -c -std=c++20 -O0 -g -fno-inline -std=c++20 -pipe -Wbad-function-cast  conftest.cpp >&5
cc1plus: warning: command-line option '-Wbad-function-cast' is valid for C/ObjC but not for C++
configure:5401: $? = 0
configure:5404: test -s conftest.o
configure:5407: $? = 0
configure:5422: result: no
configure:5428: checking whether C++ compiler accepts -Wmissing-declarations
configure:5449: g++ -c -std=c++20 -O0 -g -fno-inline -std=c++20 -pipe -Wmissing-declarations  conftest.cpp >&5
configure:5457: $? = 0
configure:5460: test -s conftest.o
configure:5463: $? = 0
configure:5478: result: yes
configure:5484: checking whether C++ compiler accepts -Wnested-externs
configure:5505: g++ -c -std=c++20 -O0 -g -fno-inline -std=c++20 -pipe -Wnested-externs  conftest.cpp >&5
cc1plus: warning: command-line option '-Wnested-externs' is valid for C/ObjC but not for C++
configure:5513: $? = 0
configure:5516: test -s conftest.o
configure:5519: $? = 0
configure:5534: result: no
configure:5540: checking whether C++ compiler accepts -Wunused-parameter
configure:5561: g++ -c -std=c++20 -O0 -g -fno-inline -std=c++20 -pipe -Wunused-parameter  conftest.cpp >&5
configure:5569: $? = 0
configure:5572: test -s conftest.o
configure:5575: $? = 0
configure:5590: result: yes
configure:5596: checking whether C++ compiler accepts -Wunused-function
configure:5617: g++ -c -std=c++20 -O0 -g -fno-inline -std=c++20 -pipe -Wunused-function  conftest.cpp >&5
configure:5625: $? = 0
configure:5628: test -s conftest.o
configure:5631: $? = 0
configure:5646: result: yes
configure:5652: checking whether C++ compiler accepts -Woverloaded-virtual
configure:5673: g++ -c -std=c++20 -O0 -g -fno-inline -std=c++20 -pipe -Woverloaded-virtual  conftest.cpp >&5
configure:5681: $? = 0
configure:5684: test -s conftest.o
configure:5687: $? = 0
configure:5702: result: yes
configure:5708: checking whether C++ compiler accepts 
configure:5729: g++ -c -std=c++20 -O0 -g -fno-inline -std=c++20 -pipe   conftest.cpp >&5
configure:5737: $? = 0
configure:5740: test -s conftest.o
configure:5743: $? = 0
configure:5758: result: yes
configure:5770: checking whether C++ compiler accepts -Wno-shadow
configure:5791: g++ -c -std=c++20 -O0 -g -fno-inline -std=c++20 -pipe -Wno-shadow  conftest.cpp >&5
configure:5799: $? = 0
configure:5802: test -s conftest.o
configure:5805: $? = 0
configure:5820: result: yes
configure:5885: checking whether C++ compiler accepts -wd111,193,279,383,444,522,654,810,981,1418
configure:5906: g++ -c -std=c++20 -O0 -g -fno-inline -std=c++20 -pipe -wd111,193,279,383,444,522,654,810,981,1418  conftest.cpp >&5
g++: error: unrecognized command-line option '-wd111,193,279,383,444,522,654,810,981,1418'
configure:5914: $? = 1
configure: failed program was:
| /* confdefs.h */
| #define PACKAGE_NAME "LRDE Tiger Compiler"
| #define PACKAGE_TARNAME "tc"
| #define PACKAGE_VERSION "1.91.a"
| #define PACKAGE_STRING "LRDE Tiger Compiler 1.91.a"
| #define PACKAGE_BUGREPORT "tiger@lrde.epita.fr"
| #define PACKAGE_URL "http://tiger.lrde.epita.fr"
| #define PACKAGE "tc"
| #define VERSION "1.91.a"
| /* end confdefs.h.  */
| 
| int
| main (void)
| {
| 
|   ;
|   return 0;
| }
configure:5935: result: no
configure:5968: checking whether C++ compiler accepts -Wno-strict-aliasing
configure:5989: g++ -c -std=c++20 -O0 -g -fno-inline -std=c++20 -pipe -Wno-strict-aliasing  conftest.cpp >&5
configure:5997: $? = 0
configure:6000: test -s conftest.o
configure:6003: $? = 0
configure:6018: result: yes
configure:6038: checking for flex
configure:6059: found /run/current-system/sw/bin/flex
configure:6070: result: flex
configure:6085: checking for flex >= 2.5.35
configure:6127: result: yes
configure:6157: checking for bison
configure:6178: found /run/current-system/sw/bin/bison
configure:6189: result: bison
configure:6204: checking for bison >= 3.8.2
configure:6246: result: yes
configure:6265: checking for emacs
configure:6286: found /run/current-system/sw/bin/emacs
configure:6297: result: emacs
configure:6322: checking where .elc files should go
configure:6336: $EMACS -batch -Q -eval '(while load-path (princ (concat (car load-path) "\n")) (setq load-path (cdr load-path)))' </dev/null >conftest.out
configure:6339: $? = 0
configure:6352: result: ${datarootdir}/emacs/site-lisp
configure:6424: checking for gcc
configure:6445: found /run/current-system/sw/bin/gcc
configure:6456: result: gcc
configure:6809: checking for C compiler version
configure:6818: gcc --version >&5
gcc (GCC) 10.3.0
Copyright (C) 2020 Free Software Foundation, Inc.
This is free software; see the source for copying conditions.  There is NO
warranty; not even for MERCHANTABILITY or FITNESS FOR A PARTICULAR PURPOSE.

configure:6829: $? = 0
configure:6818: gcc -v >&5
Using built-in specs.
COLLECT_GCC=/nix/store/xlh4fb3v83rn2l7y27png6c2w3mm1mwj-gcc-10.3.0/bin/gcc
COLLECT_LTO_WRAPPER=/nix/store/xlh4fb3v83rn2l7y27png6c2w3mm1mwj-gcc-10.3.0/libexec/gcc/x86_64-unknown-linux-gnu/10.3.0/lto-wrapper
Target: x86_64-unknown-linux-gnu
Configured with: 
Thread model: posix
Supported LTO compression algorithms: zlib
gcc version 10.3.0 (GCC) 
configure:6829: $? = 0
configure:6818: gcc -V >&5
gcc: error: unrecognized command-line option '-V'
gcc: fatal error: no input files
compilation terminated.
configure:6829: $? = 1
configure:6818: gcc -qversion >&5
gcc: error: unrecognized command-line option '-qversion'; did you mean '--version'?
gcc: fatal error: no input files
compilation terminated.
configure:6829: $? = 1
configure:6818: gcc -version >&5
gcc: error: unrecognized command-line option '-version'
gcc: fatal error: no input files
compilation terminated.
configure:6829: $? = 1
configure:6833: checking whether the compiler supports GNU C
configure:6853: gcc -c   conftest.c >&5
configure:6853: $? = 0
configure:6863: result: yes
configure:6874: checking whether gcc accepts -g
configure:6895: gcc -c -g  conftest.c >&5
configure:6895: $? = 0
configure:6939: result: yes
configure:6959: checking for gcc option to enable C11 features
configure:6974: gcc  -c -g -O2  conftest.c >&5
configure:6974: $? = 0
configure:6992: result: none needed
configure:7108: checking whether gcc understands -c and -o together
configure:7131: gcc -c conftest.c -o conftest2.o
configure:7134: $? = 0
configure:7131: gcc -c conftest.c -o conftest2.o
configure:7134: $? = 0
configure:7146: result: yes
configure:7165: checking dependency style of gcc
configure:7277: result: gcc3
configure:7348: checking for ar
configure:7369: found /run/current-system/sw/bin/ar
configure:7380: result: ar
configure:7406: checking the archiver (ar) interface
configure:7423: gcc -c -g -O2  conftest.c >&5
configure:7423: $? = 0
configure:7426: ar cru libconftest.a conftest.o >&5
ar: `u' modifier ignored since `D' is the default (see `U')
configure:7429: $? = 0
configure:7457: result: ar
configure:7526: checking how to print strings
configure:7553: result: printf
configure:7574: checking for a sed that does not truncate output
configure:7644: result: /run/current-system/sw/bin/sed
configure:7662: checking for fgrep
configure:7730: result: /run/current-system/sw/bin/grep -F
configure:7766: checking for ld used by gcc
configure:7834: result: /nix/store/n5vkys6wvrfnkd381d39y5926rpqpk4w-gcc-wrapper-10.3.0/bin/ld
configure:7841: checking if the linker (/nix/store/n5vkys6wvrfnkd381d39y5926rpqpk4w-gcc-wrapper-10.3.0/bin/ld) is GNU ld
configure:7857: result: yes
configure:7869: checking for BSD- or MS-compatible name lister (nm)
configure:7924: result: /run/current-system/sw/bin/nm -B
configure:8064: checking the name lister (/run/current-system/sw/bin/nm -B) interface
configure:8072: g++ -c -std=c++20 -O0 -g -fno-inline -std=c++20 -pipe  conftest.cpp >&5
configure:8075: /run/current-system/sw/bin/nm -B "conftest.o"
configure:8078: output
0000000000000000 B some_variable
configure:8085: result: BSD nm
configure:8088: checking whether ln -s works
configure:8092: result: yes
configure:8100: checking the maximum length of command line arguments
configure:8232: result: 1572864
configure:8280: checking how to convert x86_64-pc-linux-gnu file names to x86_64-pc-linux-gnu format
configure:8321: result: func_convert_file_noop
configure:8328: checking how to convert x86_64-pc-linux-gnu file names to toolchain format
configure:8349: result: func_convert_file_noop
configure:8356: checking for /nix/store/n5vkys6wvrfnkd381d39y5926rpqpk4w-gcc-wrapper-10.3.0/bin/ld option to reload object files
configure:8364: result: -r
configure:8443: checking for objdump
configure:8464: found /run/current-system/sw/bin/objdump
configure:8475: result: objdump
configure:8507: checking how to recognize dependent libraries
configure:8708: result: pass_all
configure:8798: checking for dlltool
configure:8833: result: no
configure:8863: checking how to associate runtime and link libraries
configure:8891: result: printf %s\n
configure:9025: checking for archiver @FILE support
configure:9043: g++ -c -std=c++20 -O0 -g -fno-inline -std=c++20 -pipe  conftest.cpp >&5
configure:9043: $? = 0
configure:9047: ar cru libconftest.a @conftest.lst >&5
ar: `u' modifier ignored since `D' is the default (see `U')
configure:9050: $? = 0
configure:9055: ar cru libconftest.a @conftest.lst >&5
ar: `u' modifier ignored since `D' is the default (see `U')
ar: conftest.o: No such file or directory
configure:9058: $? = 1
configure:9070: result: @
configure:9133: checking for strip
configure:9154: found /run/current-system/sw/bin/strip
configure:9165: result: strip
configure:9242: checking for ranlib
configure:9263: found /run/current-system/sw/bin/ranlib
configure:9274: result: ranlib
configure:9376: checking command to parse /run/current-system/sw/bin/nm -B output from gcc object
configure:9530: g++ -c -std=c++20 -O0 -g -fno-inline -std=c++20 -pipe  conftest.cpp >&5
configure:9533: $? = 0
configure:9537: /run/current-system/sw/bin/nm -B conftest.o \| sed -n -e 's/^.*[ ]\([ABCDGIRSTW][ABCDGIRSTW]*\)[ ][ ]*\([_A-Za-z][_A-Za-z0-9]*\)$/\1 \2 \2/p' | sed '/ __gnu_lto/d' \> conftest.nm
configure:9540: $? = 0
configure:9606: g++ -o conftest -std=c++20 -O0 -g -fno-inline -std=c++20 -pipe   conftest.cpp conftstm.o >&5
configure:9609: $? = 0
configure:9647: result: ok
configure:9694: checking for sysroot
configure:9725: result: no
configure:9732: checking for a working dd
configure:9776: result: /run/current-system/sw/bin/dd
configure:9780: checking how to truncate binary pipes
configure:9796: result: /run/current-system/sw/bin/dd bs=4096 count=1
configure:9933: g++ -c -std=c++20 -O0 -g -fno-inline -std=c++20 -pipe  conftest.cpp >&5
configure:9936: $? = 0
configure:10133: checking for mt
configure:10168: result: no
configure:10188: checking if : is a manifest tool
configure:10195: : '-?'
configure:10203: result: no
configure:10928: checking for stdio.h
configure:10928: g++ -c -std=c++20 -O0 -g -fno-inline -std=c++20 -pipe  conftest.cpp >&5
configure:10928: $? = 0
configure:10928: result: yes
configure:10928: checking for stdlib.h
configure:10928: g++ -c -std=c++20 -O0 -g -fno-inline -std=c++20 -pipe  conftest.cpp >&5
configure:10928: $? = 0
configure:10928: result: yes
configure:10928: checking for string.h
configure:10928: g++ -c -std=c++20 -O0 -g -fno-inline -std=c++20 -pipe  conftest.cpp >&5
configure:10928: $? = 0
configure:10928: result: yes
configure:10928: checking for inttypes.h
configure:10928: g++ -c -std=c++20 -O0 -g -fno-inline -std=c++20 -pipe  conftest.cpp >&5
configure:10928: $? = 0
configure:10928: result: yes
configure:10928: checking for stdint.h
configure:10928: g++ -c -std=c++20 -O0 -g -fno-inline -std=c++20 -pipe  conftest.cpp >&5
configure:10928: $? = 0
configure:10928: result: yes
configure:10928: checking for strings.h
configure:10928: g++ -c -std=c++20 -O0 -g -fno-inline -std=c++20 -pipe  conftest.cpp >&5
configure:10928: $? = 0
configure:10928: result: yes
configure:10928: checking for sys/stat.h
configure:10928: g++ -c -std=c++20 -O0 -g -fno-inline -std=c++20 -pipe  conftest.cpp >&5
configure:10928: $? = 0
configure:10928: result: yes
configure:10928: checking for sys/types.h
configure:10928: g++ -c -std=c++20 -O0 -g -fno-inline -std=c++20 -pipe  conftest.cpp >&5
configure:10928: $? = 0
configure:10928: result: yes
configure:10928: checking for unistd.h
configure:10928: g++ -c -std=c++20 -O0 -g -fno-inline -std=c++20 -pipe  conftest.cpp >&5
configure:10928: $? = 0
configure:10928: result: yes
configure:10953: checking for dlfcn.h
configure:10953: g++ -c -std=c++20 -O0 -g -fno-inline -std=c++20 -pipe  conftest.cpp >&5
configure:10953: $? = 0
configure:10953: result: yes
configure:11221: checking for objdir
configure:11237: result: .libs
configure:11501: checking if gcc supports -fno-rtti -fno-exceptions
configure:11520: gcc -c -g -O2  -fno-rtti -fno-exceptions conftest.c >&5
cc1: warning: command-line option '-fno-rtti' is valid for C++/D/ObjC++ but not for C
configure:11524: $? = 0
configure:11537: result: no
configure:11895: checking for gcc option to produce PIC
configure:11903: result: -fPIC -DPIC
configure:11911: checking if gcc PIC flag -fPIC -DPIC works
configure:11930: gcc -c -g -O2  -fPIC -DPIC -DPIC conftest.c >&5
configure:11934: $? = 0
configure:11947: result: yes
configure:11976: checking if gcc static flag -static works
configure:12005: result: no
configure:12020: checking if gcc supports -c -o file.o
configure:12042: gcc -c -g -O2  -o out/conftest2.o conftest.c >&5
configure:12046: $? = 0
configure:12068: result: yes
configure:12076: checking if gcc supports -c -o file.o
configure:12124: result: yes
configure:12157: checking whether the gcc linker (/nix/store/n5vkys6wvrfnkd381d39y5926rpqpk4w-gcc-wrapper-10.3.0/bin/ld) supports shared libraries
configure:13423: result: yes
configure:13664: checking dynamic linker characteristics
configure:14246: gcc -o conftest -g -O2   -Wl,-rpath -Wl,/foo conftest.c  >&5
configure:14246: $? = 0
configure:14485: result: GNU/Linux ld.so
configure:14607: checking how to hardcode library paths into programs
configure:14632: result: immediate
configure:15184: checking whether stripping libraries is possible
configure:15189: result: yes
configure:15224: checking if libtool supports shared libraries
configure:15226: result: yes
configure:15229: checking whether to build shared libraries
configure:15254: result: no
configure:15257: checking whether to build static libraries
configure:15261: result: yes
configure:15284: checking how to run the C++ preprocessor
configure:15306: g++ -E  conftest.cpp
configure:15306: $? = 0
configure:15321: g++ -E  conftest.cpp
conftest.cpp:26:10: fatal error: ac_nonexistent.h: No such file or directory
   26 | #include <ac_nonexistent.h>
      |          ^~~~~~~~~~~~~~~~~~
compilation terminated.
configure:15321: $? = 1
configure: failed program was:
| /* confdefs.h */
| #define PACKAGE_NAME "LRDE Tiger Compiler"
| #define PACKAGE_TARNAME "tc"
| #define PACKAGE_VERSION "1.91.a"
| #define PACKAGE_STRING "LRDE Tiger Compiler 1.91.a"
| #define PACKAGE_BUGREPORT "tiger@lrde.epita.fr"
| #define PACKAGE_URL "http://tiger.lrde.epita.fr"
| #define PACKAGE "tc"
| #define VERSION "1.91.a"
| #define FLEX_MAJOR_VERSION 2
| #define FLEX_MINOR_VERSION 6
| #define FLEX_SUBMINOR_VERSION 4
| #define HAVE_STDIO_H 1
| #define HAVE_STDLIB_H 1
| #define HAVE_STRING_H 1
| #define HAVE_INTTYPES_H 1
| #define HAVE_STDINT_H 1
| #define HAVE_STRINGS_H 1
| #define HAVE_SYS_STAT_H 1
| #define HAVE_SYS_TYPES_H 1
| #define HAVE_UNISTD_H 1
| #define STDC_HEADERS 1
| #define HAVE_DLFCN_H 1
| #define LT_OBJDIR ".libs/"
| /* end confdefs.h.  */
| #include <ac_nonexistent.h>
configure:15348: result: g++ -E
configure:15362: g++ -E  conftest.cpp
configure:15362: $? = 0
configure:15377: g++ -E  conftest.cpp
conftest.cpp:26:10: fatal error: ac_nonexistent.h: No such file or directory
   26 | #include <ac_nonexistent.h>
      |          ^~~~~~~~~~~~~~~~~~
compilation terminated.
configure:15377: $? = 1
configure: failed program was:
| /* confdefs.h */
| #define PACKAGE_NAME "LRDE Tiger Compiler"
| #define PACKAGE_TARNAME "tc"
| #define PACKAGE_VERSION "1.91.a"
| #define PACKAGE_STRING "LRDE Tiger Compiler 1.91.a"
| #define PACKAGE_BUGREPORT "tiger@lrde.epita.fr"
| #define PACKAGE_URL "http://tiger.lrde.epita.fr"
| #define PACKAGE "tc"
| #define VERSION "1.91.a"
| #define FLEX_MAJOR_VERSION 2
| #define FLEX_MINOR_VERSION 6
| #define FLEX_SUBMINOR_VERSION 4
| #define HAVE_STDIO_H 1
| #define HAVE_STDLIB_H 1
| #define HAVE_STRING_H 1
| #define HAVE_INTTYPES_H 1
| #define HAVE_STDINT_H 1
| #define HAVE_STRINGS_H 1
| #define HAVE_SYS_STAT_H 1
| #define HAVE_SYS_TYPES_H 1
| #define HAVE_UNISTD_H 1
| #define STDC_HEADERS 1
| #define HAVE_DLFCN_H 1
| #define LT_OBJDIR ".libs/"
| /* end confdefs.h.  */
| #include <ac_nonexistent.h>
configure:15542: checking for ld used by g++
configure:15610: result: /nix/store/n5vkys6wvrfnkd381d39y5926rpqpk4w-gcc-wrapper-10.3.0/bin/ld
configure:15617: checking if the linker (/nix/store/n5vkys6wvrfnkd381d39y5926rpqpk4w-gcc-wrapper-10.3.0/bin/ld) is GNU ld
configure:15633: result: yes
configure:15688: checking whether the g++ linker (/nix/store/n5vkys6wvrfnkd381d39y5926rpqpk4w-gcc-wrapper-10.3.0/bin/ld) supports shared libraries
configure:16765: result: yes
configure:16801: g++ -c -std=c++20 -O0 -g -fno-inline -std=c++20 -pipe  conftest.cpp >&5
configure:16804: $? = 0
configure:17285: checking for g++ option to produce PIC
configure:17293: result: -fPIC -DPIC
configure:17301: checking if g++ PIC flag -fPIC -DPIC works
configure:17320: g++ -c -std=c++20 -O0 -g -fno-inline -std=c++20 -pipe  -fPIC -DPIC -DPIC conftest.cpp >&5
configure:17324: $? = 0
configure:17337: result: yes
configure:17360: checking if g++ static flag -static works
configure:17389: result: no
configure:17401: checking if g++ supports -c -o file.o
configure:17423: g++ -c -std=c++20 -O0 -g -fno-inline -std=c++20 -pipe  -o out/conftest2.o conftest.cpp >&5
configure:17427: $? = 0
configure:17449: result: yes
configure:17454: checking if g++ supports -c -o file.o
configure:17502: result: yes
configure:17532: checking whether the g++ linker (/nix/store/n5vkys6wvrfnkd381d39y5926rpqpk4w-gcc-wrapper-10.3.0/bin/ld) supports shared libraries
configure:17572: result: yes
configure:17714: checking dynamic linker characteristics
configure:18462: result: GNU/Linux ld.so
configure:18527: checking how to hardcode library paths into programs
configure:18552: result: immediate
configure:18652: checking for clang-format
configure:18673: found /run/current-system/sw/bin/clang-format
configure:18684: result: clang-format
configure: this is boost.m4 serial 24
configure:18730: checking for Boost headers version >= 1.61.0
configure:18802: g++ -c -std=c++20 -O0 -g -fno-inline -std=c++20 -pipe  conftest.cpp >&5
configure:18802: $? = 0
configure:18824: result: yes
configure:18843: checking for Boost's header version
configure:18875: result: 1_69
configure:18898: checking for boost/cast.hpp
configure:18898: g++ -c -std=c++20 -O0 -g -fno-inline -std=c++20 -pipe   conftest.cpp >&5
configure:18898: $? = 0
configure:18898: result: yes
configure:18927: checking for boost/lexical_cast.hpp
configure:18927: g++ -c -std=c++20 -O0 -g -fno-inline -std=c++20 -pipe   conftest.cpp >&5
configure:18927: $? = 0
configure:18927: result: yes
configure:18947: checking for the toolset name used by Boost for g++
configure:19062: g++ -c -std=c++20 -O0 -g -fno-inline -std=c++20 -pipe  conftest.cpp >&5
conftest.cpp:33:3: error: #error defined __GNUC__ && __GNUC__ == 5 && __GNUC_MINOR__ == 0 && !defined __ICC && (defined WIN32 || defined WINNT || defined _WIN32 || defined __WIN32 || defined __WIN32__ || defined __WINNT || defined __WINNT__)
   33 | # error defined __GNUC__ && __GNUC__ == 5 && __GNUC_MINOR__ == 0 && !defined __ICC &&   (defined WIN32 || defined WINNT || defined _WIN32 || defined __WIN32          || defined __WIN32__ || defined __WINNT || defined __WINNT__)
      |   ^~~~~
configure:19062: $? = 1
configure: failed program was:
| /* confdefs.h */
| #define PACKAGE_NAME "LRDE Tiger Compiler"
| #define PACKAGE_TARNAME "tc"
| #define PACKAGE_VERSION "1.91.a"
| #define PACKAGE_STRING "LRDE Tiger Compiler 1.91.a"
| #define PACKAGE_BUGREPORT "tiger@lrde.epita.fr"
| #define PACKAGE_URL "http://tiger.lrde.epita.fr"
| #define PACKAGE "tc"
| #define VERSION "1.91.a"
| #define FLEX_MAJOR_VERSION 2
| #define FLEX_MINOR_VERSION 6
| #define FLEX_SUBMINOR_VERSION 4
| #define HAVE_STDIO_H 1
| #define HAVE_STDLIB_H 1
| #define HAVE_STRING_H 1
| #define HAVE_INTTYPES_H 1
| #define HAVE_STDINT_H 1
| #define HAVE_STRINGS_H 1
| #define HAVE_SYS_STAT_H 1
| #define HAVE_SYS_TYPES_H 1
| #define HAVE_UNISTD_H 1
| #define STDC_HEADERS 1
| #define HAVE_DLFCN_H 1
| #define LT_OBJDIR ".libs/"
| #define HAVE_BOOST 1
| #define HAVE_BOOST_CAST_HPP 1
| #define HAVE_BOOST_LEXICAL_CAST_HPP 1
| /* end confdefs.h.  */
| 
| #if defined __GNUC__ && __GNUC__ == 5 && __GNUC_MINOR__ == 0 && !defined __ICC &&   (defined WIN32 || defined WINNT || defined _WIN32 || defined __WIN32          || defined __WIN32__ || defined __WINNT || defined __WINNT__)
| /* OK */
| #else
| # error defined __GNUC__ && __GNUC__ == 5 && __GNUC_MINOR__ == 0 && !defined __ICC &&   (defined WIN32 || defined WINNT || defined _WIN32 || defined __WIN32          || defined __WIN32__ || defined __WINNT || defined __WINNT__)
| #endif
| 
| int
| main (void)
| {
| 
|   ;
|   return 0;
| }
configure:19062: g++ -c -std=c++20 -O0 -g -fno-inline -std=c++20 -pipe  conftest.cpp >&5
conftest.cpp:33:3: error: #error defined __GNUC__ && __GNUC__ == 5 && __GNUC_MINOR__ == 0 && !defined __ICC
   33 | # error defined __GNUC__ && __GNUC__ == 5 && __GNUC_MINOR__ == 0 && !defined __ICC
      |   ^~~~~
configure:19062: $? = 1
configure: failed program was:
| /* confdefs.h */
| #define PACKAGE_NAME "LRDE Tiger Compiler"
| #define PACKAGE_TARNAME "tc"
| #define PACKAGE_VERSION "1.91.a"
| #define PACKAGE_STRING "LRDE Tiger Compiler 1.91.a"
| #define PACKAGE_BUGREPORT "tiger@lrde.epita.fr"
| #define PACKAGE_URL "http://tiger.lrde.epita.fr"
| #define PACKAGE "tc"
| #define VERSION "1.91.a"
| #define FLEX_MAJOR_VERSION 2
| #define FLEX_MINOR_VERSION 6
| #define FLEX_SUBMINOR_VERSION 4
| #define HAVE_STDIO_H 1
| #define HAVE_STDLIB_H 1
| #define HAVE_STRING_H 1
| #define HAVE_INTTYPES_H 1
| #define HAVE_STDINT_H 1
| #define HAVE_STRINGS_H 1
| #define HAVE_SYS_STAT_H 1
| #define HAVE_SYS_TYPES_H 1
| #define HAVE_UNISTD_H 1
| #define STDC_HEADERS 1
| #define HAVE_DLFCN_H 1
| #define LT_OBJDIR ".libs/"
| #define HAVE_BOOST 1
| #define HAVE_BOOST_CAST_HPP 1
| #define HAVE_BOOST_LEXICAL_CAST_HPP 1
| /* end confdefs.h.  */
| 
| #if defined __GNUC__ && __GNUC__ == 5 && __GNUC_MINOR__ == 0 && !defined __ICC
| /* OK */
| #else
| # error defined __GNUC__ && __GNUC__ == 5 && __GNUC_MINOR__ == 0 && !defined __ICC
| #endif
| 
| int
| main (void)
| {
| 
|   ;
|   return 0;
| }
configure:19062: g++ -c -std=c++20 -O0 -g -fno-inline -std=c++20 -pipe  conftest.cpp >&5
conftest.cpp:33:3: error: #error defined __GNUC__ && __GNUC__ == 4 && __GNUC_MINOR__ == 10 && !defined __ICC && (defined WIN32 || defined WINNT || defined _WIN32 || defined __WIN32 || defined __WIN32__ || defined __WINNT || defined __WINNT__)
   33 | # error defined __GNUC__ && __GNUC__ == 4 && __GNUC_MINOR__ == 10 && !defined __ICC &&   (defined WIN32 || defined WINNT || defined _WIN32 || defined __WIN32          || defined __WIN32__ || defined __WINNT || defined __WINNT__)
      |   ^~~~~
configure:19062: $? = 1
configure: failed program was:
| /* confdefs.h */
| #define PACKAGE_NAME "LRDE Tiger Compiler"
| #define PACKAGE_TARNAME "tc"
| #define PACKAGE_VERSION "1.91.a"
| #define PACKAGE_STRING "LRDE Tiger Compiler 1.91.a"
| #define PACKAGE_BUGREPORT "tiger@lrde.epita.fr"
| #define PACKAGE_URL "http://tiger.lrde.epita.fr"
| #define PACKAGE "tc"
| #define VERSION "1.91.a"
| #define FLEX_MAJOR_VERSION 2
| #define FLEX_MINOR_VERSION 6
| #define FLEX_SUBMINOR_VERSION 4
| #define HAVE_STDIO_H 1
| #define HAVE_STDLIB_H 1
| #define HAVE_STRING_H 1
| #define HAVE_INTTYPES_H 1
| #define HAVE_STDINT_H 1
| #define HAVE_STRINGS_H 1
| #define HAVE_SYS_STAT_H 1
| #define HAVE_SYS_TYPES_H 1
| #define HAVE_UNISTD_H 1
| #define STDC_HEADERS 1
| #define HAVE_DLFCN_H 1
| #define LT_OBJDIR ".libs/"
| #define HAVE_BOOST 1
| #define HAVE_BOOST_CAST_HPP 1
| #define HAVE_BOOST_LEXICAL_CAST_HPP 1
| /* end confdefs.h.  */
| 
| #if defined __GNUC__ && __GNUC__ == 4 && __GNUC_MINOR__ == 10 && !defined __ICC &&   (defined WIN32 || defined WINNT || defined _WIN32 || defined __WIN32          || defined __WIN32__ || defined __WINNT || defined __WINNT__)
| /* OK */
| #else
| # error defined __GNUC__ && __GNUC__ == 4 && __GNUC_MINOR__ == 10 && !defined __ICC &&   (defined WIN32 || defined WINNT || defined _WIN32 || defined __WIN32          || defined __WIN32__ || defined __WINNT || defined __WINNT__)
| #endif
| 
| int
| main (void)
| {
| 
|   ;
|   return 0;
| }
configure:19062: g++ -c -std=c++20 -O0 -g -fno-inline -std=c++20 -pipe  conftest.cpp >&5
conftest.cpp:33:3: error: #error defined __GNUC__ && __GNUC__ == 4 && __GNUC_MINOR__ == 10 && !defined __ICC
   33 | # error defined __GNUC__ && __GNUC__ == 4 && __GNUC_MINOR__ == 10 && !defined __ICC
      |   ^~~~~
configure:19062: $? = 1
configure: failed program was:
| /* confdefs.h */
| #define PACKAGE_NAME "LRDE Tiger Compiler"
| #define PACKAGE_TARNAME "tc"
| #define PACKAGE_VERSION "1.91.a"
| #define PACKAGE_STRING "LRDE Tiger Compiler 1.91.a"
| #define PACKAGE_BUGREPORT "tiger@lrde.epita.fr"
| #define PACKAGE_URL "http://tiger.lrde.epita.fr"
| #define PACKAGE "tc"
| #define VERSION "1.91.a"
| #define FLEX_MAJOR_VERSION 2
| #define FLEX_MINOR_VERSION 6
| #define FLEX_SUBMINOR_VERSION 4
| #define HAVE_STDIO_H 1
| #define HAVE_STDLIB_H 1
| #define HAVE_STRING_H 1
| #define HAVE_INTTYPES_H 1
| #define HAVE_STDINT_H 1
| #define HAVE_STRINGS_H 1
| #define HAVE_SYS_STAT_H 1
| #define HAVE_SYS_TYPES_H 1
| #define HAVE_UNISTD_H 1
| #define STDC_HEADERS 1
| #define HAVE_DLFCN_H 1
| #define LT_OBJDIR ".libs/"
| #define HAVE_BOOST 1
| #define HAVE_BOOST_CAST_HPP 1
| #define HAVE_BOOST_LEXICAL_CAST_HPP 1
| /* end confdefs.h.  */
| 
| #if defined __GNUC__ && __GNUC__ == 4 && __GNUC_MINOR__ == 10 && !defined __ICC
| /* OK */
| #else
| # error defined __GNUC__ && __GNUC__ == 4 && __GNUC_MINOR__ == 10 && !defined __ICC
| #endif
| 
| int
| main (void)
| {
| 
|   ;
|   return 0;
| }
configure:19062: g++ -c -std=c++20 -O0 -g -fno-inline -std=c++20 -pipe  conftest.cpp >&5
conftest.cpp:33:3: error: #error defined __GNUC__ && __GNUC__ == 4 && __GNUC_MINOR__ == 9 && !defined __ICC && (defined WIN32 || defined WINNT || defined _WIN32 || defined __WIN32 || defined __WIN32__ || defined __WINNT || defined __WINNT__)
   33 | # error defined __GNUC__ && __GNUC__ == 4 && __GNUC_MINOR__ == 9 && !defined __ICC &&   (defined WIN32 || defined WINNT || defined _WIN32 || defined __WIN32          || defined __WIN32__ || defined __WINNT || defined __WINNT__)
      |   ^~~~~
configure:19062: $? = 1
configure: failed program was:
| /* confdefs.h */
| #define PACKAGE_NAME "LRDE Tiger Compiler"
| #define PACKAGE_TARNAME "tc"
| #define PACKAGE_VERSION "1.91.a"
| #define PACKAGE_STRING "LRDE Tiger Compiler 1.91.a"
| #define PACKAGE_BUGREPORT "tiger@lrde.epita.fr"
| #define PACKAGE_URL "http://tiger.lrde.epita.fr"
| #define PACKAGE "tc"
| #define VERSION "1.91.a"
| #define FLEX_MAJOR_VERSION 2
| #define FLEX_MINOR_VERSION 6
| #define FLEX_SUBMINOR_VERSION 4
| #define HAVE_STDIO_H 1
| #define HAVE_STDLIB_H 1
| #define HAVE_STRING_H 1
| #define HAVE_INTTYPES_H 1
| #define HAVE_STDINT_H 1
| #define HAVE_STRINGS_H 1
| #define HAVE_SYS_STAT_H 1
| #define HAVE_SYS_TYPES_H 1
| #define HAVE_UNISTD_H 1
| #define STDC_HEADERS 1
| #define HAVE_DLFCN_H 1
| #define LT_OBJDIR ".libs/"
| #define HAVE_BOOST 1
| #define HAVE_BOOST_CAST_HPP 1
| #define HAVE_BOOST_LEXICAL_CAST_HPP 1
| /* end confdefs.h.  */
| 
| #if defined __GNUC__ && __GNUC__ == 4 && __GNUC_MINOR__ == 9 && !defined __ICC &&   (defined WIN32 || defined WINNT || defined _WIN32 || defined __WIN32          || defined __WIN32__ || defined __WINNT || defined __WINNT__)
| /* OK */
| #else
| # error defined __GNUC__ && __GNUC__ == 4 && __GNUC_MINOR__ == 9 && !defined __ICC &&   (defined WIN32 || defined WINNT || defined _WIN32 || defined __WIN32          || defined __WIN32__ || defined __WINNT || defined __WINNT__)
| #endif
| 
| int
| main (void)
| {
| 
|   ;
|   return 0;
| }
configure:19062: g++ -c -std=c++20 -O0 -g -fno-inline -std=c++20 -pipe  conftest.cpp >&5
conftest.cpp:33:3: error: #error defined __GNUC__ && __GNUC__ == 4 && __GNUC_MINOR__ == 9 && !defined __ICC
   33 | # error defined __GNUC__ && __GNUC__ == 4 && __GNUC_MINOR__ == 9 && !defined __ICC
      |   ^~~~~
configure:19062: $? = 1
configure: failed program was:
| /* confdefs.h */
| #define PACKAGE_NAME "LRDE Tiger Compiler"
| #define PACKAGE_TARNAME "tc"
| #define PACKAGE_VERSION "1.91.a"
| #define PACKAGE_STRING "LRDE Tiger Compiler 1.91.a"
| #define PACKAGE_BUGREPORT "tiger@lrde.epita.fr"
| #define PACKAGE_URL "http://tiger.lrde.epita.fr"
| #define PACKAGE "tc"
| #define VERSION "1.91.a"
| #define FLEX_MAJOR_VERSION 2
| #define FLEX_MINOR_VERSION 6
| #define FLEX_SUBMINOR_VERSION 4
| #define HAVE_STDIO_H 1
| #define HAVE_STDLIB_H 1
| #define HAVE_STRING_H 1
| #define HAVE_INTTYPES_H 1
| #define HAVE_STDINT_H 1
| #define HAVE_STRINGS_H 1
| #define HAVE_SYS_STAT_H 1
| #define HAVE_SYS_TYPES_H 1
| #define HAVE_UNISTD_H 1
| #define STDC_HEADERS 1
| #define HAVE_DLFCN_H 1
| #define LT_OBJDIR ".libs/"
| #define HAVE_BOOST 1
| #define HAVE_BOOST_CAST_HPP 1
| #define HAVE_BOOST_LEXICAL_CAST_HPP 1
| /* end confdefs.h.  */
| 
| #if defined __GNUC__ && __GNUC__ == 4 && __GNUC_MINOR__ == 9 && !defined __ICC
| /* OK */
| #else
| # error defined __GNUC__ && __GNUC__ == 4 && __GNUC_MINOR__ == 9 && !defined __ICC
| #endif
| 
| int
| main (void)
| {
| 
|   ;
|   return 0;
| }
configure:19062: g++ -c -std=c++20 -O0 -g -fno-inline -std=c++20 -pipe  conftest.cpp >&5
conftest.cpp:33:3: error: #error defined __GNUC__ && __GNUC__ == 4 && __GNUC_MINOR__ == 8 && !defined __ICC && (defined WIN32 || defined WINNT || defined _WIN32 || defined __WIN32 || defined __WIN32__ || defined __WINNT || defined __WINNT__)
   33 | # error defined __GNUC__ && __GNUC__ == 4 && __GNUC_MINOR__ == 8 && !defined __ICC &&   (defined WIN32 || defined WINNT || defined _WIN32 || defined __WIN32          || defined __WIN32__ || defined __WINNT || defined __WINNT__)
      |   ^~~~~
configure:19062: $? = 1
configure: failed program was:
| /* confdefs.h */
| #define PACKAGE_NAME "LRDE Tiger Compiler"
| #define PACKAGE_TARNAME "tc"
| #define PACKAGE_VERSION "1.91.a"
| #define PACKAGE_STRING "LRDE Tiger Compiler 1.91.a"
| #define PACKAGE_BUGREPORT "tiger@lrde.epita.fr"
| #define PACKAGE_URL "http://tiger.lrde.epita.fr"
| #define PACKAGE "tc"
| #define VERSION "1.91.a"
| #define FLEX_MAJOR_VERSION 2
| #define FLEX_MINOR_VERSION 6
| #define FLEX_SUBMINOR_VERSION 4
| #define HAVE_STDIO_H 1
| #define HAVE_STDLIB_H 1
| #define HAVE_STRING_H 1
| #define HAVE_INTTYPES_H 1
| #define HAVE_STDINT_H 1
| #define HAVE_STRINGS_H 1
| #define HAVE_SYS_STAT_H 1
| #define HAVE_SYS_TYPES_H 1
| #define HAVE_UNISTD_H 1
| #define STDC_HEADERS 1
| #define HAVE_DLFCN_H 1
| #define LT_OBJDIR ".libs/"
| #define HAVE_BOOST 1
| #define HAVE_BOOST_CAST_HPP 1
| #define HAVE_BOOST_LEXICAL_CAST_HPP 1
| /* end confdefs.h.  */
| 
| #if defined __GNUC__ && __GNUC__ == 4 && __GNUC_MINOR__ == 8 && !defined __ICC &&   (defined WIN32 || defined WINNT || defined _WIN32 || defined __WIN32          || defined __WIN32__ || defined __WINNT || defined __WINNT__)
| /* OK */
| #else
| # error defined __GNUC__ && __GNUC__ == 4 && __GNUC_MINOR__ == 8 && !defined __ICC &&   (defined WIN32 || defined WINNT || defined _WIN32 || defined __WIN32          || defined __WIN32__ || defined __WINNT || defined __WINNT__)
| #endif
| 
| int
| main (void)
| {
| 
|   ;
|   return 0;
| }
configure:19062: g++ -c -std=c++20 -O0 -g -fno-inline -std=c++20 -pipe  conftest.cpp >&5
conftest.cpp:33:3: error: #error defined __GNUC__ && __GNUC__ == 4 && __GNUC_MINOR__ == 8 && !defined __ICC
   33 | # error defined __GNUC__ && __GNUC__ == 4 && __GNUC_MINOR__ == 8 && !defined __ICC
      |   ^~~~~
configure:19062: $? = 1
configure: failed program was:
| /* confdefs.h */
| #define PACKAGE_NAME "LRDE Tiger Compiler"
| #define PACKAGE_TARNAME "tc"
| #define PACKAGE_VERSION "1.91.a"
| #define PACKAGE_STRING "LRDE Tiger Compiler 1.91.a"
| #define PACKAGE_BUGREPORT "tiger@lrde.epita.fr"
| #define PACKAGE_URL "http://tiger.lrde.epita.fr"
| #define PACKAGE "tc"
| #define VERSION "1.91.a"
| #define FLEX_MAJOR_VERSION 2
| #define FLEX_MINOR_VERSION 6
| #define FLEX_SUBMINOR_VERSION 4
| #define HAVE_STDIO_H 1
| #define HAVE_STDLIB_H 1
| #define HAVE_STRING_H 1
| #define HAVE_INTTYPES_H 1
| #define HAVE_STDINT_H 1
| #define HAVE_STRINGS_H 1
| #define HAVE_SYS_STAT_H 1
| #define HAVE_SYS_TYPES_H 1
| #define HAVE_UNISTD_H 1
| #define STDC_HEADERS 1
| #define HAVE_DLFCN_H 1
| #define LT_OBJDIR ".libs/"
| #define HAVE_BOOST 1
| #define HAVE_BOOST_CAST_HPP 1
| #define HAVE_BOOST_LEXICAL_CAST_HPP 1
| /* end confdefs.h.  */
| 
| #if defined __GNUC__ && __GNUC__ == 4 && __GNUC_MINOR__ == 8 && !defined __ICC
| /* OK */
| #else
| # error defined __GNUC__ && __GNUC__ == 4 && __GNUC_MINOR__ == 8 && !defined __ICC
| #endif
| 
| int
| main (void)
| {
| 
|   ;
|   return 0;
| }
configure:19062: g++ -c -std=c++20 -O0 -g -fno-inline -std=c++20 -pipe  conftest.cpp >&5
conftest.cpp:33:3: error: #error defined __GNUC__ && __GNUC__ == 4 && __GNUC_MINOR__ == 7 && !defined __ICC && (defined WIN32 || defined WINNT || defined _WIN32 || defined __WIN32 || defined __WIN32__ || defined __WINNT || defined __WINNT__)
   33 | # error defined __GNUC__ && __GNUC__ == 4 && __GNUC_MINOR__ == 7 && !defined __ICC &&   (defined WIN32 || defined WINNT || defined _WIN32 || defined __WIN32          || defined __WIN32__ || defined __WINNT || defined __WINNT__)
      |   ^~~~~
configure:19062: $? = 1
configure: failed program was:
| /* confdefs.h */
| #define PACKAGE_NAME "LRDE Tiger Compiler"
| #define PACKAGE_TARNAME "tc"
| #define PACKAGE_VERSION "1.91.a"
| #define PACKAGE_STRING "LRDE Tiger Compiler 1.91.a"
| #define PACKAGE_BUGREPORT "tiger@lrde.epita.fr"
| #define PACKAGE_URL "http://tiger.lrde.epita.fr"
| #define PACKAGE "tc"
| #define VERSION "1.91.a"
| #define FLEX_MAJOR_VERSION 2
| #define FLEX_MINOR_VERSION 6
| #define FLEX_SUBMINOR_VERSION 4
| #define HAVE_STDIO_H 1
| #define HAVE_STDLIB_H 1
| #define HAVE_STRING_H 1
| #define HAVE_INTTYPES_H 1
| #define HAVE_STDINT_H 1
| #define HAVE_STRINGS_H 1
| #define HAVE_SYS_STAT_H 1
| #define HAVE_SYS_TYPES_H 1
| #define HAVE_UNISTD_H 1
| #define STDC_HEADERS 1
| #define HAVE_DLFCN_H 1
| #define LT_OBJDIR ".libs/"
| #define HAVE_BOOST 1
| #define HAVE_BOOST_CAST_HPP 1
| #define HAVE_BOOST_LEXICAL_CAST_HPP 1
| /* end confdefs.h.  */
| 
| #if defined __GNUC__ && __GNUC__ == 4 && __GNUC_MINOR__ == 7 && !defined __ICC &&   (defined WIN32 || defined WINNT || defined _WIN32 || defined __WIN32          || defined __WIN32__ || defined __WINNT || defined __WINNT__)
| /* OK */
| #else
| # error defined __GNUC__ && __GNUC__ == 4 && __GNUC_MINOR__ == 7 && !defined __ICC &&   (defined WIN32 || defined WINNT || defined _WIN32 || defined __WIN32          || defined __WIN32__ || defined __WINNT || defined __WINNT__)
| #endif
| 
| int
| main (void)
| {
| 
|   ;
|   return 0;
| }
configure:19062: g++ -c -std=c++20 -O0 -g -fno-inline -std=c++20 -pipe  conftest.cpp >&5
conftest.cpp:33:3: error: #error defined __GNUC__ && __GNUC__ == 4 && __GNUC_MINOR__ == 7 && !defined __ICC
   33 | # error defined __GNUC__ && __GNUC__ == 4 && __GNUC_MINOR__ == 7 && !defined __ICC
      |   ^~~~~
configure:19062: $? = 1
configure: failed program was:
| /* confdefs.h */
| #define PACKAGE_NAME "LRDE Tiger Compiler"
| #define PACKAGE_TARNAME "tc"
| #define PACKAGE_VERSION "1.91.a"
| #define PACKAGE_STRING "LRDE Tiger Compiler 1.91.a"
| #define PACKAGE_BUGREPORT "tiger@lrde.epita.fr"
| #define PACKAGE_URL "http://tiger.lrde.epita.fr"
| #define PACKAGE "tc"
| #define VERSION "1.91.a"
| #define FLEX_MAJOR_VERSION 2
| #define FLEX_MINOR_VERSION 6
| #define FLEX_SUBMINOR_VERSION 4
| #define HAVE_STDIO_H 1
| #define HAVE_STDLIB_H 1
| #define HAVE_STRING_H 1
| #define HAVE_INTTYPES_H 1
| #define HAVE_STDINT_H 1
| #define HAVE_STRINGS_H 1
| #define HAVE_SYS_STAT_H 1
| #define HAVE_SYS_TYPES_H 1
| #define HAVE_UNISTD_H 1
| #define STDC_HEADERS 1
| #define HAVE_DLFCN_H 1
| #define LT_OBJDIR ".libs/"
| #define HAVE_BOOST 1
| #define HAVE_BOOST_CAST_HPP 1
| #define HAVE_BOOST_LEXICAL_CAST_HPP 1
| /* end confdefs.h.  */
| 
| #if defined __GNUC__ && __GNUC__ == 4 && __GNUC_MINOR__ == 7 && !defined __ICC
| /* OK */
| #else
| # error defined __GNUC__ && __GNUC__ == 4 && __GNUC_MINOR__ == 7 && !defined __ICC
| #endif
| 
| int
| main (void)
| {
| 
|   ;
|   return 0;
| }
configure:19062: g++ -c -std=c++20 -O0 -g -fno-inline -std=c++20 -pipe  conftest.cpp >&5
conftest.cpp:33:3: error: #error defined __GNUC__ && __GNUC__ == 4 && __GNUC_MINOR__ == 6 && !defined __ICC && (defined WIN32 || defined WINNT || defined _WIN32 || defined __WIN32 || defined __WIN32__ || defined __WINNT || defined __WINNT__)
   33 | # error defined __GNUC__ && __GNUC__ == 4 && __GNUC_MINOR__ == 6 && !defined __ICC &&   (defined WIN32 || defined WINNT || defined _WIN32 || defined __WIN32          || defined __WIN32__ || defined __WINNT || defined __WINNT__)
      |   ^~~~~
configure:19062: $? = 1
configure: failed program was:
| /* confdefs.h */
| #define PACKAGE_NAME "LRDE Tiger Compiler"
| #define PACKAGE_TARNAME "tc"
| #define PACKAGE_VERSION "1.91.a"
| #define PACKAGE_STRING "LRDE Tiger Compiler 1.91.a"
| #define PACKAGE_BUGREPORT "tiger@lrde.epita.fr"
| #define PACKAGE_URL "http://tiger.lrde.epita.fr"
| #define PACKAGE "tc"
| #define VERSION "1.91.a"
| #define FLEX_MAJOR_VERSION 2
| #define FLEX_MINOR_VERSION 6
| #define FLEX_SUBMINOR_VERSION 4
| #define HAVE_STDIO_H 1
| #define HAVE_STDLIB_H 1
| #define HAVE_STRING_H 1
| #define HAVE_INTTYPES_H 1
| #define HAVE_STDINT_H 1
| #define HAVE_STRINGS_H 1
| #define HAVE_SYS_STAT_H 1
| #define HAVE_SYS_TYPES_H 1
| #define HAVE_UNISTD_H 1
| #define STDC_HEADERS 1
| #define HAVE_DLFCN_H 1
| #define LT_OBJDIR ".libs/"
| #define HAVE_BOOST 1
| #define HAVE_BOOST_CAST_HPP 1
| #define HAVE_BOOST_LEXICAL_CAST_HPP 1
| /* end confdefs.h.  */
| 
| #if defined __GNUC__ && __GNUC__ == 4 && __GNUC_MINOR__ == 6 && !defined __ICC &&   (defined WIN32 || defined WINNT || defined _WIN32 || defined __WIN32          || defined __WIN32__ || defined __WINNT || defined __WINNT__)
| /* OK */
| #else
| # error defined __GNUC__ && __GNUC__ == 4 && __GNUC_MINOR__ == 6 && !defined __ICC &&   (defined WIN32 || defined WINNT || defined _WIN32 || defined __WIN32          || defined __WIN32__ || defined __WINNT || defined __WINNT__)
| #endif
| 
| int
| main (void)
| {
| 
|   ;
|   return 0;
| }
configure:19062: g++ -c -std=c++20 -O0 -g -fno-inline -std=c++20 -pipe  conftest.cpp >&5
conftest.cpp:33:3: error: #error defined __GNUC__ && __GNUC__ == 4 && __GNUC_MINOR__ == 6 && !defined __ICC
   33 | # error defined __GNUC__ && __GNUC__ == 4 && __GNUC_MINOR__ == 6 && !defined __ICC
      |   ^~~~~
configure:19062: $? = 1
configure: failed program was:
| /* confdefs.h */
| #define PACKAGE_NAME "LRDE Tiger Compiler"
| #define PACKAGE_TARNAME "tc"
| #define PACKAGE_VERSION "1.91.a"
| #define PACKAGE_STRING "LRDE Tiger Compiler 1.91.a"
| #define PACKAGE_BUGREPORT "tiger@lrde.epita.fr"
| #define PACKAGE_URL "http://tiger.lrde.epita.fr"
| #define PACKAGE "tc"
| #define VERSION "1.91.a"
| #define FLEX_MAJOR_VERSION 2
| #define FLEX_MINOR_VERSION 6
| #define FLEX_SUBMINOR_VERSION 4
| #define HAVE_STDIO_H 1
| #define HAVE_STDLIB_H 1
| #define HAVE_STRING_H 1
| #define HAVE_INTTYPES_H 1
| #define HAVE_STDINT_H 1
| #define HAVE_STRINGS_H 1
| #define HAVE_SYS_STAT_H 1
| #define HAVE_SYS_TYPES_H 1
| #define HAVE_UNISTD_H 1
| #define STDC_HEADERS 1
| #define HAVE_DLFCN_H 1
| #define LT_OBJDIR ".libs/"
| #define HAVE_BOOST 1
| #define HAVE_BOOST_CAST_HPP 1
| #define HAVE_BOOST_LEXICAL_CAST_HPP 1
| /* end confdefs.h.  */
| 
| #if defined __GNUC__ && __GNUC__ == 4 && __GNUC_MINOR__ == 6 && !defined __ICC
| /* OK */
| #else
| # error defined __GNUC__ && __GNUC__ == 4 && __GNUC_MINOR__ == 6 && !defined __ICC
| #endif
| 
| int
| main (void)
| {
| 
|   ;
|   return 0;
| }
configure:19062: g++ -c -std=c++20 -O0 -g -fno-inline -std=c++20 -pipe  conftest.cpp >&5
conftest.cpp:33:3: error: #error defined __GNUC__ && __GNUC__ == 4 && __GNUC_MINOR__ == 5 && !defined __ICC && (defined WIN32 || defined WINNT || defined _WIN32 || defined __WIN32 || defined __WIN32__ || defined __WINNT || defined __WINNT__)
   33 | # error defined __GNUC__ && __GNUC__ == 4 && __GNUC_MINOR__ == 5 && !defined __ICC &&   (defined WIN32 || defined WINNT || defined _WIN32 || defined __WIN32          || defined __WIN32__ || defined __WINNT || defined __WINNT__)
      |   ^~~~~
configure:19062: $? = 1
configure: failed program was:
| /* confdefs.h */
| #define PACKAGE_NAME "LRDE Tiger Compiler"
| #define PACKAGE_TARNAME "tc"
| #define PACKAGE_VERSION "1.91.a"
| #define PACKAGE_STRING "LRDE Tiger Compiler 1.91.a"
| #define PACKAGE_BUGREPORT "tiger@lrde.epita.fr"
| #define PACKAGE_URL "http://tiger.lrde.epita.fr"
| #define PACKAGE "tc"
| #define VERSION "1.91.a"
| #define FLEX_MAJOR_VERSION 2
| #define FLEX_MINOR_VERSION 6
| #define FLEX_SUBMINOR_VERSION 4
| #define HAVE_STDIO_H 1
| #define HAVE_STDLIB_H 1
| #define HAVE_STRING_H 1
| #define HAVE_INTTYPES_H 1
| #define HAVE_STDINT_H 1
| #define HAVE_STRINGS_H 1
| #define HAVE_SYS_STAT_H 1
| #define HAVE_SYS_TYPES_H 1
| #define HAVE_UNISTD_H 1
| #define STDC_HEADERS 1
| #define HAVE_DLFCN_H 1
| #define LT_OBJDIR ".libs/"
| #define HAVE_BOOST 1
| #define HAVE_BOOST_CAST_HPP 1
| #define HAVE_BOOST_LEXICAL_CAST_HPP 1
| /* end confdefs.h.  */
| 
| #if defined __GNUC__ && __GNUC__ == 4 && __GNUC_MINOR__ == 5 && !defined __ICC &&   (defined WIN32 || defined WINNT || defined _WIN32 || defined __WIN32          || defined __WIN32__ || defined __WINNT || defined __WINNT__)
| /* OK */
| #else
| # error defined __GNUC__ && __GNUC__ == 4 && __GNUC_MINOR__ == 5 && !defined __ICC &&   (defined WIN32 || defined WINNT || defined _WIN32 || defined __WIN32          || defined __WIN32__ || defined __WINNT || defined __WINNT__)
| #endif
| 
| int
| main (void)
| {
| 
|   ;
|   return 0;
| }
configure:19062: g++ -c -std=c++20 -O0 -g -fno-inline -std=c++20 -pipe  conftest.cpp >&5
conftest.cpp:33:3: error: #error defined __GNUC__ && __GNUC__ == 4 && __GNUC_MINOR__ == 5 && !defined __ICC
   33 | # error defined __GNUC__ && __GNUC__ == 4 && __GNUC_MINOR__ == 5 && !defined __ICC
      |   ^~~~~
configure:19062: $? = 1
configure: failed program was:
| /* confdefs.h */
| #define PACKAGE_NAME "LRDE Tiger Compiler"
| #define PACKAGE_TARNAME "tc"
| #define PACKAGE_VERSION "1.91.a"
| #define PACKAGE_STRING "LRDE Tiger Compiler 1.91.a"
| #define PACKAGE_BUGREPORT "tiger@lrde.epita.fr"
| #define PACKAGE_URL "http://tiger.lrde.epita.fr"
| #define PACKAGE "tc"
| #define VERSION "1.91.a"
| #define FLEX_MAJOR_VERSION 2
| #define FLEX_MINOR_VERSION 6
| #define FLEX_SUBMINOR_VERSION 4
| #define HAVE_STDIO_H 1
| #define HAVE_STDLIB_H 1
| #define HAVE_STRING_H 1
| #define HAVE_INTTYPES_H 1
| #define HAVE_STDINT_H 1
| #define HAVE_STRINGS_H 1
| #define HAVE_SYS_STAT_H 1
| #define HAVE_SYS_TYPES_H 1
| #define HAVE_UNISTD_H 1
| #define STDC_HEADERS 1
| #define HAVE_DLFCN_H 1
| #define LT_OBJDIR ".libs/"
| #define HAVE_BOOST 1
| #define HAVE_BOOST_CAST_HPP 1
| #define HAVE_BOOST_LEXICAL_CAST_HPP 1
| /* end confdefs.h.  */
| 
| #if defined __GNUC__ && __GNUC__ == 4 && __GNUC_MINOR__ == 5 && !defined __ICC
| /* OK */
| #else
| # error defined __GNUC__ && __GNUC__ == 4 && __GNUC_MINOR__ == 5 && !defined __ICC
| #endif
| 
| int
| main (void)
| {
| 
|   ;
|   return 0;
| }
configure:19062: g++ -c -std=c++20 -O0 -g -fno-inline -std=c++20 -pipe  conftest.cpp >&5
conftest.cpp:33:3: error: #error defined __GNUC__ && __GNUC__ == 4 && __GNUC_MINOR__ == 4 && !defined __ICC && (defined WIN32 || defined WINNT || defined _WIN32 || defined __WIN32 || defined __WIN32__ || defined __WINNT || defined __WINNT__)
   33 | # error defined __GNUC__ && __GNUC__ == 4 && __GNUC_MINOR__ == 4 && !defined __ICC &&   (defined WIN32 || defined WINNT || defined _WIN32 || defined __WIN32          || defined __WIN32__ || defined __WINNT || defined __WINNT__)
      |   ^~~~~
configure:19062: $? = 1
configure: failed program was:
| /* confdefs.h */
| #define PACKAGE_NAME "LRDE Tiger Compiler"
| #define PACKAGE_TARNAME "tc"
| #define PACKAGE_VERSION "1.91.a"
| #define PACKAGE_STRING "LRDE Tiger Compiler 1.91.a"
| #define PACKAGE_BUGREPORT "tiger@lrde.epita.fr"
| #define PACKAGE_URL "http://tiger.lrde.epita.fr"
| #define PACKAGE "tc"
| #define VERSION "1.91.a"
| #define FLEX_MAJOR_VERSION 2
| #define FLEX_MINOR_VERSION 6
| #define FLEX_SUBMINOR_VERSION 4
| #define HAVE_STDIO_H 1
| #define HAVE_STDLIB_H 1
| #define HAVE_STRING_H 1
| #define HAVE_INTTYPES_H 1
| #define HAVE_STDINT_H 1
| #define HAVE_STRINGS_H 1
| #define HAVE_SYS_STAT_H 1
| #define HAVE_SYS_TYPES_H 1
| #define HAVE_UNISTD_H 1
| #define STDC_HEADERS 1
| #define HAVE_DLFCN_H 1
| #define LT_OBJDIR ".libs/"
| #define HAVE_BOOST 1
| #define HAVE_BOOST_CAST_HPP 1
| #define HAVE_BOOST_LEXICAL_CAST_HPP 1
| /* end confdefs.h.  */
| 
| #if defined __GNUC__ && __GNUC__ == 4 && __GNUC_MINOR__ == 4 && !defined __ICC &&   (defined WIN32 || defined WINNT || defined _WIN32 || defined __WIN32          || defined __WIN32__ || defined __WINNT || defined __WINNT__)
| /* OK */
| #else
| # error defined __GNUC__ && __GNUC__ == 4 && __GNUC_MINOR__ == 4 && !defined __ICC &&   (defined WIN32 || defined WINNT || defined _WIN32 || defined __WIN32          || defined __WIN32__ || defined __WINNT || defined __WINNT__)
| #endif
| 
| int
| main (void)
| {
| 
|   ;
|   return 0;
| }
configure:19062: g++ -c -std=c++20 -O0 -g -fno-inline -std=c++20 -pipe  conftest.cpp >&5
conftest.cpp:33:3: error: #error defined __GNUC__ && __GNUC__ == 4 && __GNUC_MINOR__ == 4 && !defined __ICC
   33 | # error defined __GNUC__ && __GNUC__ == 4 && __GNUC_MINOR__ == 4 && !defined __ICC
      |   ^~~~~
configure:19062: $? = 1
configure: failed program was:
| /* confdefs.h */
| #define PACKAGE_NAME "LRDE Tiger Compiler"
| #define PACKAGE_TARNAME "tc"
| #define PACKAGE_VERSION "1.91.a"
| #define PACKAGE_STRING "LRDE Tiger Compiler 1.91.a"
| #define PACKAGE_BUGREPORT "tiger@lrde.epita.fr"
| #define PACKAGE_URL "http://tiger.lrde.epita.fr"
| #define PACKAGE "tc"
| #define VERSION "1.91.a"
| #define FLEX_MAJOR_VERSION 2
| #define FLEX_MINOR_VERSION 6
| #define FLEX_SUBMINOR_VERSION 4
| #define HAVE_STDIO_H 1
| #define HAVE_STDLIB_H 1
| #define HAVE_STRING_H 1
| #define HAVE_INTTYPES_H 1
| #define HAVE_STDINT_H 1
| #define HAVE_STRINGS_H 1
| #define HAVE_SYS_STAT_H 1
| #define HAVE_SYS_TYPES_H 1
| #define HAVE_UNISTD_H 1
| #define STDC_HEADERS 1
| #define HAVE_DLFCN_H 1
| #define LT_OBJDIR ".libs/"
| #define HAVE_BOOST 1
| #define HAVE_BOOST_CAST_HPP 1
| #define HAVE_BOOST_LEXICAL_CAST_HPP 1
| /* end confdefs.h.  */
| 
| #if defined __GNUC__ && __GNUC__ == 4 && __GNUC_MINOR__ == 4 && !defined __ICC
| /* OK */
| #else
| # error defined __GNUC__ && __GNUC__ == 4 && __GNUC_MINOR__ == 4 && !defined __ICC
| #endif
| 
| int
| main (void)
| {
| 
|   ;
|   return 0;
| }
configure:19062: g++ -c -std=c++20 -O0 -g -fno-inline -std=c++20 -pipe  conftest.cpp >&5
conftest.cpp:33:3: error: #error defined __GNUC__ && __GNUC__ == 4 && __GNUC_MINOR__ == 3 && !defined __ICC && (defined WIN32 || defined WINNT || defined _WIN32 || defined __WIN32 || defined __WIN32__ || defined __WINNT || defined __WINNT__)
   33 | # error defined __GNUC__ && __GNUC__ == 4 && __GNUC_MINOR__ == 3 && !defined __ICC &&   (defined WIN32 || defined WINNT || defined _WIN32 || defined __WIN32          || defined __WIN32__ || defined __WINNT || defined __WINNT__)
      |   ^~~~~
configure:19062: $? = 1
configure: failed program was:
| /* confdefs.h */
| #define PACKAGE_NAME "LRDE Tiger Compiler"
| #define PACKAGE_TARNAME "tc"
| #define PACKAGE_VERSION "1.91.a"
| #define PACKAGE_STRING "LRDE Tiger Compiler 1.91.a"
| #define PACKAGE_BUGREPORT "tiger@lrde.epita.fr"
| #define PACKAGE_URL "http://tiger.lrde.epita.fr"
| #define PACKAGE "tc"
| #define VERSION "1.91.a"
| #define FLEX_MAJOR_VERSION 2
| #define FLEX_MINOR_VERSION 6
| #define FLEX_SUBMINOR_VERSION 4
| #define HAVE_STDIO_H 1
| #define HAVE_STDLIB_H 1
| #define HAVE_STRING_H 1
| #define HAVE_INTTYPES_H 1
| #define HAVE_STDINT_H 1
| #define HAVE_STRINGS_H 1
| #define HAVE_SYS_STAT_H 1
| #define HAVE_SYS_TYPES_H 1
| #define HAVE_UNISTD_H 1
| #define STDC_HEADERS 1
| #define HAVE_DLFCN_H 1
| #define LT_OBJDIR ".libs/"
| #define HAVE_BOOST 1
| #define HAVE_BOOST_CAST_HPP 1
| #define HAVE_BOOST_LEXICAL_CAST_HPP 1
| /* end confdefs.h.  */
| 
| #if defined __GNUC__ && __GNUC__ == 4 && __GNUC_MINOR__ == 3 && !defined __ICC &&   (defined WIN32 || defined WINNT || defined _WIN32 || defined __WIN32          || defined __WIN32__ || defined __WINNT || defined __WINNT__)
| /* OK */
| #else
| # error defined __GNUC__ && __GNUC__ == 4 && __GNUC_MINOR__ == 3 && !defined __ICC &&   (defined WIN32 || defined WINNT || defined _WIN32 || defined __WIN32          || defined __WIN32__ || defined __WINNT || defined __WINNT__)
| #endif
| 
| int
| main (void)
| {
| 
|   ;
|   return 0;
| }
configure:19062: g++ -c -std=c++20 -O0 -g -fno-inline -std=c++20 -pipe  conftest.cpp >&5
conftest.cpp:33:3: error: #error defined __GNUC__ && __GNUC__ == 4 && __GNUC_MINOR__ == 3 && !defined __ICC
   33 | # error defined __GNUC__ && __GNUC__ == 4 && __GNUC_MINOR__ == 3 && !defined __ICC
      |   ^~~~~
configure:19062: $? = 1
configure: failed program was:
| /* confdefs.h */
| #define PACKAGE_NAME "LRDE Tiger Compiler"
| #define PACKAGE_TARNAME "tc"
| #define PACKAGE_VERSION "1.91.a"
| #define PACKAGE_STRING "LRDE Tiger Compiler 1.91.a"
| #define PACKAGE_BUGREPORT "tiger@lrde.epita.fr"
| #define PACKAGE_URL "http://tiger.lrde.epita.fr"
| #define PACKAGE "tc"
| #define VERSION "1.91.a"
| #define FLEX_MAJOR_VERSION 2
| #define FLEX_MINOR_VERSION 6
| #define FLEX_SUBMINOR_VERSION 4
| #define HAVE_STDIO_H 1
| #define HAVE_STDLIB_H 1
| #define HAVE_STRING_H 1
| #define HAVE_INTTYPES_H 1
| #define HAVE_STDINT_H 1
| #define HAVE_STRINGS_H 1
| #define HAVE_SYS_STAT_H 1
| #define HAVE_SYS_TYPES_H 1
| #define HAVE_UNISTD_H 1
| #define STDC_HEADERS 1
| #define HAVE_DLFCN_H 1
| #define LT_OBJDIR ".libs/"
| #define HAVE_BOOST 1
| #define HAVE_BOOST_CAST_HPP 1
| #define HAVE_BOOST_LEXICAL_CAST_HPP 1
| /* end confdefs.h.  */
| 
| #if defined __GNUC__ && __GNUC__ == 4 && __GNUC_MINOR__ == 3 && !defined __ICC
| /* OK */
| #else
| # error defined __GNUC__ && __GNUC__ == 4 && __GNUC_MINOR__ == 3 && !defined __ICC
| #endif
| 
| int
| main (void)
| {
| 
|   ;
|   return 0;
| }
configure:19062: g++ -c -std=c++20 -O0 -g -fno-inline -std=c++20 -pipe  conftest.cpp >&5
conftest.cpp:33:3: error: #error defined __GNUC__ && __GNUC__ == 4 && __GNUC_MINOR__ == 2 && !defined __ICC && (defined WIN32 || defined WINNT || defined _WIN32 || defined __WIN32 || defined __WIN32__ || defined __WINNT || defined __WINNT__)
   33 | # error defined __GNUC__ && __GNUC__ == 4 && __GNUC_MINOR__ == 2 && !defined __ICC &&   (defined WIN32 || defined WINNT || defined _WIN32 || defined __WIN32          || defined __WIN32__ || defined __WINNT || defined __WINNT__)
      |   ^~~~~
configure:19062: $? = 1
configure: failed program was:
| /* confdefs.h */
| #define PACKAGE_NAME "LRDE Tiger Compiler"
| #define PACKAGE_TARNAME "tc"
| #define PACKAGE_VERSION "1.91.a"
| #define PACKAGE_STRING "LRDE Tiger Compiler 1.91.a"
| #define PACKAGE_BUGREPORT "tiger@lrde.epita.fr"
| #define PACKAGE_URL "http://tiger.lrde.epita.fr"
| #define PACKAGE "tc"
| #define VERSION "1.91.a"
| #define FLEX_MAJOR_VERSION 2
| #define FLEX_MINOR_VERSION 6
| #define FLEX_SUBMINOR_VERSION 4
| #define HAVE_STDIO_H 1
| #define HAVE_STDLIB_H 1
| #define HAVE_STRING_H 1
| #define HAVE_INTTYPES_H 1
| #define HAVE_STDINT_H 1
| #define HAVE_STRINGS_H 1
| #define HAVE_SYS_STAT_H 1
| #define HAVE_SYS_TYPES_H 1
| #define HAVE_UNISTD_H 1
| #define STDC_HEADERS 1
| #define HAVE_DLFCN_H 1
| #define LT_OBJDIR ".libs/"
| #define HAVE_BOOST 1
| #define HAVE_BOOST_CAST_HPP 1
| #define HAVE_BOOST_LEXICAL_CAST_HPP 1
| /* end confdefs.h.  */
| 
| #if defined __GNUC__ && __GNUC__ == 4 && __GNUC_MINOR__ == 2 && !defined __ICC &&   (defined WIN32 || defined WINNT || defined _WIN32 || defined __WIN32          || defined __WIN32__ || defined __WINNT || defined __WINNT__)
| /* OK */
| #else
| # error defined __GNUC__ && __GNUC__ == 4 && __GNUC_MINOR__ == 2 && !defined __ICC &&   (defined WIN32 || defined WINNT || defined _WIN32 || defined __WIN32          || defined __WIN32__ || defined __WINNT || defined __WINNT__)
| #endif
| 
| int
| main (void)
| {
| 
|   ;
|   return 0;
| }
configure:19062: g++ -c -std=c++20 -O0 -g -fno-inline -std=c++20 -pipe  conftest.cpp >&5
conftest.cpp:33:3: error: #error defined __GNUC__ && __GNUC__ == 4 && __GNUC_MINOR__ == 2 && !defined __ICC
   33 | # error defined __GNUC__ && __GNUC__ == 4 && __GNUC_MINOR__ == 2 && !defined __ICC
      |   ^~~~~
configure:19062: $? = 1
configure: failed program was:
| /* confdefs.h */
| #define PACKAGE_NAME "LRDE Tiger Compiler"
| #define PACKAGE_TARNAME "tc"
| #define PACKAGE_VERSION "1.91.a"
| #define PACKAGE_STRING "LRDE Tiger Compiler 1.91.a"
| #define PACKAGE_BUGREPORT "tiger@lrde.epita.fr"
| #define PACKAGE_URL "http://tiger.lrde.epita.fr"
| #define PACKAGE "tc"
| #define VERSION "1.91.a"
| #define FLEX_MAJOR_VERSION 2
| #define FLEX_MINOR_VERSION 6
| #define FLEX_SUBMINOR_VERSION 4
| #define HAVE_STDIO_H 1
| #define HAVE_STDLIB_H 1
| #define HAVE_STRING_H 1
| #define HAVE_INTTYPES_H 1
| #define HAVE_STDINT_H 1
| #define HAVE_STRINGS_H 1
| #define HAVE_SYS_STAT_H 1
| #define HAVE_SYS_TYPES_H 1
| #define HAVE_UNISTD_H 1
| #define STDC_HEADERS 1
| #define HAVE_DLFCN_H 1
| #define LT_OBJDIR ".libs/"
| #define HAVE_BOOST 1
| #define HAVE_BOOST_CAST_HPP 1
| #define HAVE_BOOST_LEXICAL_CAST_HPP 1
| /* end confdefs.h.  */
| 
| #if defined __GNUC__ && __GNUC__ == 4 && __GNUC_MINOR__ == 2 && !defined __ICC
| /* OK */
| #else
| # error defined __GNUC__ && __GNUC__ == 4 && __GNUC_MINOR__ == 2 && !defined __ICC
| #endif
| 
| int
| main (void)
| {
| 
|   ;
|   return 0;
| }
configure:19062: g++ -c -std=c++20 -O0 -g -fno-inline -std=c++20 -pipe  conftest.cpp >&5
conftest.cpp:33:3: error: #error defined __GNUC__ && __GNUC__ == 4 && __GNUC_MINOR__ == 1 && !defined __ICC && (defined WIN32 || defined WINNT || defined _WIN32 || defined __WIN32 || defined __WIN32__ || defined __WINNT || defined __WINNT__)
   33 | # error defined __GNUC__ && __GNUC__ == 4 && __GNUC_MINOR__ == 1 && !defined __ICC &&   (defined WIN32 || defined WINNT || defined _WIN32 || defined __WIN32          || defined __WIN32__ || defined __WINNT || defined __WINNT__)
      |   ^~~~~
configure:19062: $? = 1
configure: failed program was:
| /* confdefs.h */
| #define PACKAGE_NAME "LRDE Tiger Compiler"
| #define PACKAGE_TARNAME "tc"
| #define PACKAGE_VERSION "1.91.a"
| #define PACKAGE_STRING "LRDE Tiger Compiler 1.91.a"
| #define PACKAGE_BUGREPORT "tiger@lrde.epita.fr"
| #define PACKAGE_URL "http://tiger.lrde.epita.fr"
| #define PACKAGE "tc"
| #define VERSION "1.91.a"
| #define FLEX_MAJOR_VERSION 2
| #define FLEX_MINOR_VERSION 6
| #define FLEX_SUBMINOR_VERSION 4
| #define HAVE_STDIO_H 1
| #define HAVE_STDLIB_H 1
| #define HAVE_STRING_H 1
| #define HAVE_INTTYPES_H 1
| #define HAVE_STDINT_H 1
| #define HAVE_STRINGS_H 1
| #define HAVE_SYS_STAT_H 1
| #define HAVE_SYS_TYPES_H 1
| #define HAVE_UNISTD_H 1
| #define STDC_HEADERS 1
| #define HAVE_DLFCN_H 1
| #define LT_OBJDIR ".libs/"
| #define HAVE_BOOST 1
| #define HAVE_BOOST_CAST_HPP 1
| #define HAVE_BOOST_LEXICAL_CAST_HPP 1
| /* end confdefs.h.  */
| 
| #if defined __GNUC__ && __GNUC__ == 4 && __GNUC_MINOR__ == 1 && !defined __ICC &&   (defined WIN32 || defined WINNT || defined _WIN32 || defined __WIN32          || defined __WIN32__ || defined __WINNT || defined __WINNT__)
| /* OK */
| #else
| # error defined __GNUC__ && __GNUC__ == 4 && __GNUC_MINOR__ == 1 && !defined __ICC &&   (defined WIN32 || defined WINNT || defined _WIN32 || defined __WIN32          || defined __WIN32__ || defined __WINNT || defined __WINNT__)
| #endif
| 
| int
| main (void)
| {
| 
|   ;
|   return 0;
| }
configure:19062: g++ -c -std=c++20 -O0 -g -fno-inline -std=c++20 -pipe  conftest.cpp >&5
conftest.cpp:33:3: error: #error defined __GNUC__ && __GNUC__ == 4 && __GNUC_MINOR__ == 1 && !defined __ICC
   33 | # error defined __GNUC__ && __GNUC__ == 4 && __GNUC_MINOR__ == 1 && !defined __ICC
      |   ^~~~~
configure:19062: $? = 1
configure: failed program was:
| /* confdefs.h */
| #define PACKAGE_NAME "LRDE Tiger Compiler"
| #define PACKAGE_TARNAME "tc"
| #define PACKAGE_VERSION "1.91.a"
| #define PACKAGE_STRING "LRDE Tiger Compiler 1.91.a"
| #define PACKAGE_BUGREPORT "tiger@lrde.epita.fr"
| #define PACKAGE_URL "http://tiger.lrde.epita.fr"
| #define PACKAGE "tc"
| #define VERSION "1.91.a"
| #define FLEX_MAJOR_VERSION 2
| #define FLEX_MINOR_VERSION 6
| #define FLEX_SUBMINOR_VERSION 4
| #define HAVE_STDIO_H 1
| #define HAVE_STDLIB_H 1
| #define HAVE_STRING_H 1
| #define HAVE_INTTYPES_H 1
| #define HAVE_STDINT_H 1
| #define HAVE_STRINGS_H 1
| #define HAVE_SYS_STAT_H 1
| #define HAVE_SYS_TYPES_H 1
| #define HAVE_UNISTD_H 1
| #define STDC_HEADERS 1
| #define HAVE_DLFCN_H 1
| #define LT_OBJDIR ".libs/"
| #define HAVE_BOOST 1
| #define HAVE_BOOST_CAST_HPP 1
| #define HAVE_BOOST_LEXICAL_CAST_HPP 1
| /* end confdefs.h.  */
| 
| #if defined __GNUC__ && __GNUC__ == 4 && __GNUC_MINOR__ == 1 && !defined __ICC
| /* OK */
| #else
| # error defined __GNUC__ && __GNUC__ == 4 && __GNUC_MINOR__ == 1 && !defined __ICC
| #endif
| 
| int
| main (void)
| {
| 
|   ;
|   return 0;
| }
configure:19062: g++ -c -std=c++20 -O0 -g -fno-inline -std=c++20 -pipe  conftest.cpp >&5
conftest.cpp:33:3: error: #error defined __GNUC__ && __GNUC__ == 4 && __GNUC_MINOR__ == 0 && !defined __ICC && (defined WIN32 || defined WINNT || defined _WIN32 || defined __WIN32 || defined __WIN32__ || defined __WINNT || defined __WINNT__)
   33 | # error defined __GNUC__ && __GNUC__ == 4 && __GNUC_MINOR__ == 0 && !defined __ICC &&   (defined WIN32 || defined WINNT || defined _WIN32 || defined __WIN32          || defined __WIN32__ || defined __WINNT || defined __WINNT__)
      |   ^~~~~
configure:19062: $? = 1
configure: failed program was:
| /* confdefs.h */
| #define PACKAGE_NAME "LRDE Tiger Compiler"
| #define PACKAGE_TARNAME "tc"
| #define PACKAGE_VERSION "1.91.a"
| #define PACKAGE_STRING "LRDE Tiger Compiler 1.91.a"
| #define PACKAGE_BUGREPORT "tiger@lrde.epita.fr"
| #define PACKAGE_URL "http://tiger.lrde.epita.fr"
| #define PACKAGE "tc"
| #define VERSION "1.91.a"
| #define FLEX_MAJOR_VERSION 2
| #define FLEX_MINOR_VERSION 6
| #define FLEX_SUBMINOR_VERSION 4
| #define HAVE_STDIO_H 1
| #define HAVE_STDLIB_H 1
| #define HAVE_STRING_H 1
| #define HAVE_INTTYPES_H 1
| #define HAVE_STDINT_H 1
| #define HAVE_STRINGS_H 1
| #define HAVE_SYS_STAT_H 1
| #define HAVE_SYS_TYPES_H 1
| #define HAVE_UNISTD_H 1
| #define STDC_HEADERS 1
| #define HAVE_DLFCN_H 1
| #define LT_OBJDIR ".libs/"
| #define HAVE_BOOST 1
| #define HAVE_BOOST_CAST_HPP 1
| #define HAVE_BOOST_LEXICAL_CAST_HPP 1
| /* end confdefs.h.  */
| 
| #if defined __GNUC__ && __GNUC__ == 4 && __GNUC_MINOR__ == 0 && !defined __ICC &&   (defined WIN32 || defined WINNT || defined _WIN32 || defined __WIN32          || defined __WIN32__ || defined __WINNT || defined __WINNT__)
| /* OK */
| #else
| # error defined __GNUC__ && __GNUC__ == 4 && __GNUC_MINOR__ == 0 && !defined __ICC &&   (defined WIN32 || defined WINNT || defined _WIN32 || defined __WIN32          || defined __WIN32__ || defined __WINNT || defined __WINNT__)
| #endif
| 
| int
| main (void)
| {
| 
|   ;
|   return 0;
| }
configure:19062: g++ -c -std=c++20 -O0 -g -fno-inline -std=c++20 -pipe  conftest.cpp >&5
conftest.cpp:33:3: error: #error defined __GNUC__ && __GNUC__ == 4 && __GNUC_MINOR__ == 0 && !defined __ICC
   33 | # error defined __GNUC__ && __GNUC__ == 4 && __GNUC_MINOR__ == 0 && !defined __ICC
      |   ^~~~~
configure:19062: $? = 1
configure: failed program was:
| /* confdefs.h */
| #define PACKAGE_NAME "LRDE Tiger Compiler"
| #define PACKAGE_TARNAME "tc"
| #define PACKAGE_VERSION "1.91.a"
| #define PACKAGE_STRING "LRDE Tiger Compiler 1.91.a"
| #define PACKAGE_BUGREPORT "tiger@lrde.epita.fr"
| #define PACKAGE_URL "http://tiger.lrde.epita.fr"
| #define PACKAGE "tc"
| #define VERSION "1.91.a"
| #define FLEX_MAJOR_VERSION 2
| #define FLEX_MINOR_VERSION 6
| #define FLEX_SUBMINOR_VERSION 4
| #define HAVE_STDIO_H 1
| #define HAVE_STDLIB_H 1
| #define HAVE_STRING_H 1
| #define HAVE_INTTYPES_H 1
| #define HAVE_STDINT_H 1
| #define HAVE_STRINGS_H 1
| #define HAVE_SYS_STAT_H 1
| #define HAVE_SYS_TYPES_H 1
| #define HAVE_UNISTD_H 1
| #define STDC_HEADERS 1
| #define HAVE_DLFCN_H 1
| #define LT_OBJDIR ".libs/"
| #define HAVE_BOOST 1
| #define HAVE_BOOST_CAST_HPP 1
| #define HAVE_BOOST_LEXICAL_CAST_HPP 1
| /* end confdefs.h.  */
| 
| #if defined __GNUC__ && __GNUC__ == 4 && __GNUC_MINOR__ == 0 && !defined __ICC
| /* OK */
| #else
| # error defined __GNUC__ && __GNUC__ == 4 && __GNUC_MINOR__ == 0 && !defined __ICC
| #endif
| 
| int
| main (void)
| {
| 
|   ;
|   return 0;
| }
configure:19062: g++ -c -std=c++20 -O0 -g -fno-inline -std=c++20 -pipe  conftest.cpp >&5
conftest.cpp:33:3: error: #error defined __GNUC__ && __GNUC__ == 3 && !defined __ICC && (defined WIN32 || defined WINNT || defined _WIN32 || defined __WIN32 || defined __WIN32__ || defined __WINNT || defined __WINNT__)
   33 | # error defined __GNUC__ && __GNUC__ == 3 && !defined __ICC      && (defined WIN32 || defined WINNT || defined _WIN32 || defined __WIN32          || defined __WIN32__ || defined __WINNT || defined __WINNT__)
      |   ^~~~~
configure:19062: $? = 1
configure: failed program was:
| /* confdefs.h */
| #define PACKAGE_NAME "LRDE Tiger Compiler"
| #define PACKAGE_TARNAME "tc"
| #define PACKAGE_VERSION "1.91.a"
| #define PACKAGE_STRING "LRDE Tiger Compiler 1.91.a"
| #define PACKAGE_BUGREPORT "tiger@lrde.epita.fr"
| #define PACKAGE_URL "http://tiger.lrde.epita.fr"
| #define PACKAGE "tc"
| #define VERSION "1.91.a"
| #define FLEX_MAJOR_VERSION 2
| #define FLEX_MINOR_VERSION 6
| #define FLEX_SUBMINOR_VERSION 4
| #define HAVE_STDIO_H 1
| #define HAVE_STDLIB_H 1
| #define HAVE_STRING_H 1
| #define HAVE_INTTYPES_H 1
| #define HAVE_STDINT_H 1
| #define HAVE_STRINGS_H 1
| #define HAVE_SYS_STAT_H 1
| #define HAVE_SYS_TYPES_H 1
| #define HAVE_UNISTD_H 1
| #define STDC_HEADERS 1
| #define HAVE_DLFCN_H 1
| #define LT_OBJDIR ".libs/"
| #define HAVE_BOOST 1
| #define HAVE_BOOST_CAST_HPP 1
| #define HAVE_BOOST_LEXICAL_CAST_HPP 1
| /* end confdefs.h.  */
| 
| #if defined __GNUC__ && __GNUC__ == 3 && !defined __ICC      && (defined WIN32 || defined WINNT || defined _WIN32 || defined __WIN32          || defined __WIN32__ || defined __WINNT || defined __WINNT__)
| /* OK */
| #else
| # error defined __GNUC__ && __GNUC__ == 3 && !defined __ICC      && (defined WIN32 || defined WINNT || defined _WIN32 || defined __WIN32          || defined __WIN32__ || defined __WINNT || defined __WINNT__)
| #endif
| 
| int
| main (void)
| {
| 
|   ;
|   return 0;
| }
configure:19062: g++ -c -std=c++20 -O0 -g -fno-inline -std=c++20 -pipe  conftest.cpp >&5
conftest.cpp:33:3: error: #error defined __GNUC__ && __GNUC__ == 3 && __GNUC_MINOR__ == 4 && !defined __ICC
   33 | # error defined __GNUC__ && __GNUC__ == 3 && __GNUC_MINOR__ == 4 && !defined __ICC
      |   ^~~~~
configure:19062: $? = 1
configure: failed program was:
| /* confdefs.h */
| #define PACKAGE_NAME "LRDE Tiger Compiler"
| #define PACKAGE_TARNAME "tc"
| #define PACKAGE_VERSION "1.91.a"
| #define PACKAGE_STRING "LRDE Tiger Compiler 1.91.a"
| #define PACKAGE_BUGREPORT "tiger@lrde.epita.fr"
| #define PACKAGE_URL "http://tiger.lrde.epita.fr"
| #define PACKAGE "tc"
| #define VERSION "1.91.a"
| #define FLEX_MAJOR_VERSION 2
| #define FLEX_MINOR_VERSION 6
| #define FLEX_SUBMINOR_VERSION 4
| #define HAVE_STDIO_H 1
| #define HAVE_STDLIB_H 1
| #define HAVE_STRING_H 1
| #define HAVE_INTTYPES_H 1
| #define HAVE_STDINT_H 1
| #define HAVE_STRINGS_H 1
| #define HAVE_SYS_STAT_H 1
| #define HAVE_SYS_TYPES_H 1
| #define HAVE_UNISTD_H 1
| #define STDC_HEADERS 1
| #define HAVE_DLFCN_H 1
| #define LT_OBJDIR ".libs/"
| #define HAVE_BOOST 1
| #define HAVE_BOOST_CAST_HPP 1
| #define HAVE_BOOST_LEXICAL_CAST_HPP 1
| /* end confdefs.h.  */
| 
| #if defined __GNUC__ && __GNUC__ == 3 && __GNUC_MINOR__ == 4 && !defined __ICC
| /* OK */
| #else
| # error defined __GNUC__ && __GNUC__ == 3 && __GNUC_MINOR__ == 4 && !defined __ICC
| #endif
| 
| int
| main (void)
| {
| 
|   ;
|   return 0;
| }
configure:19062: g++ -c -std=c++20 -O0 -g -fno-inline -std=c++20 -pipe  conftest.cpp >&5
conftest.cpp:33:3: error: #error defined __GNUC__ && __GNUC__ == 3 && __GNUC_MINOR__ == 3 && !defined __ICC
   33 | # error defined __GNUC__ && __GNUC__ == 3 && __GNUC_MINOR__ == 3 && !defined __ICC
      |   ^~~~~
configure:19062: $? = 1
configure: failed program was:
| /* confdefs.h */
| #define PACKAGE_NAME "LRDE Tiger Compiler"
| #define PACKAGE_TARNAME "tc"
| #define PACKAGE_VERSION "1.91.a"
| #define PACKAGE_STRING "LRDE Tiger Compiler 1.91.a"
| #define PACKAGE_BUGREPORT "tiger@lrde.epita.fr"
| #define PACKAGE_URL "http://tiger.lrde.epita.fr"
| #define PACKAGE "tc"
| #define VERSION "1.91.a"
| #define FLEX_MAJOR_VERSION 2
| #define FLEX_MINOR_VERSION 6
| #define FLEX_SUBMINOR_VERSION 4
| #define HAVE_STDIO_H 1
| #define HAVE_STDLIB_H 1
| #define HAVE_STRING_H 1
| #define HAVE_INTTYPES_H 1
| #define HAVE_STDINT_H 1
| #define HAVE_STRINGS_H 1
| #define HAVE_SYS_STAT_H 1
| #define HAVE_SYS_TYPES_H 1
| #define HAVE_UNISTD_H 1
| #define STDC_HEADERS 1
| #define HAVE_DLFCN_H 1
| #define LT_OBJDIR ".libs/"
| #define HAVE_BOOST 1
| #define HAVE_BOOST_CAST_HPP 1
| #define HAVE_BOOST_LEXICAL_CAST_HPP 1
| /* end confdefs.h.  */
| 
| #if defined __GNUC__ && __GNUC__ == 3 && __GNUC_MINOR__ == 3 && !defined __ICC
| /* OK */
| #else
| # error defined __GNUC__ && __GNUC__ == 3 && __GNUC_MINOR__ == 3 && !defined __ICC
| #endif
| 
| int
| main (void)
| {
| 
|   ;
|   return 0;
| }
configure:19062: g++ -c -std=c++20 -O0 -g -fno-inline -std=c++20 -pipe  conftest.cpp >&5
conftest.cpp:33:3: error: #error defined _MSC_VER && _MSC_VER >= 1500
   33 | # error defined _MSC_VER && _MSC_VER >= 1500
      |   ^~~~~
configure:19062: $? = 1
configure: failed program was:
| /* confdefs.h */
| #define PACKAGE_NAME "LRDE Tiger Compiler"
| #define PACKAGE_TARNAME "tc"
| #define PACKAGE_VERSION "1.91.a"
| #define PACKAGE_STRING "LRDE Tiger Compiler 1.91.a"
| #define PACKAGE_BUGREPORT "tiger@lrde.epita.fr"
| #define PACKAGE_URL "http://tiger.lrde.epita.fr"
| #define PACKAGE "tc"
| #define VERSION "1.91.a"
| #define FLEX_MAJOR_VERSION 2
| #define FLEX_MINOR_VERSION 6
| #define FLEX_SUBMINOR_VERSION 4
| #define HAVE_STDIO_H 1
| #define HAVE_STDLIB_H 1
| #define HAVE_STRING_H 1
| #define HAVE_INTTYPES_H 1
| #define HAVE_STDINT_H 1
| #define HAVE_STRINGS_H 1
| #define HAVE_SYS_STAT_H 1
| #define HAVE_SYS_TYPES_H 1
| #define HAVE_UNISTD_H 1
| #define STDC_HEADERS 1
| #define HAVE_DLFCN_H 1
| #define LT_OBJDIR ".libs/"
| #define HAVE_BOOST 1
| #define HAVE_BOOST_CAST_HPP 1
| #define HAVE_BOOST_LEXICAL_CAST_HPP 1
| /* end confdefs.h.  */
| 
| #if defined _MSC_VER && _MSC_VER >= 1500
| /* OK */
| #else
| # error defined _MSC_VER && _MSC_VER >= 1500
| #endif
| 
| int
| main (void)
| {
| 
|   ;
|   return 0;
| }
configure:19062: g++ -c -std=c++20 -O0 -g -fno-inline -std=c++20 -pipe  conftest.cpp >&5
conftest.cpp:33:3: error: #error defined _MSC_VER && _MSC_VER == 1400
   33 | # error defined _MSC_VER && _MSC_VER == 1400
      |   ^~~~~
configure:19062: $? = 1
configure: failed program was:
| /* confdefs.h */
| #define PACKAGE_NAME "LRDE Tiger Compiler"
| #define PACKAGE_TARNAME "tc"
| #define PACKAGE_VERSION "1.91.a"
| #define PACKAGE_STRING "LRDE Tiger Compiler 1.91.a"
| #define PACKAGE_BUGREPORT "tiger@lrde.epita.fr"
| #define PACKAGE_URL "http://tiger.lrde.epita.fr"
| #define PACKAGE "tc"
| #define VERSION "1.91.a"
| #define FLEX_MAJOR_VERSION 2
| #define FLEX_MINOR_VERSION 6
| #define FLEX_SUBMINOR_VERSION 4
| #define HAVE_STDIO_H 1
| #define HAVE_STDLIB_H 1
| #define HAVE_STRING_H 1
| #define HAVE_INTTYPES_H 1
| #define HAVE_STDINT_H 1
| #define HAVE_STRINGS_H 1
| #define HAVE_SYS_STAT_H 1
| #define HAVE_SYS_TYPES_H 1
| #define HAVE_UNISTD_H 1
| #define STDC_HEADERS 1
| #define HAVE_DLFCN_H 1
| #define LT_OBJDIR ".libs/"
| #define HAVE_BOOST 1
| #define HAVE_BOOST_CAST_HPP 1
| #define HAVE_BOOST_LEXICAL_CAST_HPP 1
| /* end confdefs.h.  */
| 
| #if defined _MSC_VER && _MSC_VER == 1400
| /* OK */
| #else
| # error defined _MSC_VER && _MSC_VER == 1400
| #endif
| 
| int
| main (void)
| {
| 
|   ;
|   return 0;
| }
configure:19062: g++ -c -std=c++20 -O0 -g -fno-inline -std=c++20 -pipe  conftest.cpp >&5
conftest.cpp:33:3: error: #error defined __GNUC__ && __GNUC__ == 3 && __GNUC_MINOR__ == 2 && !defined __ICC
   33 | # error defined __GNUC__ && __GNUC__ == 3 && __GNUC_MINOR__ == 2 && !defined __ICC
      |   ^~~~~
configure:19062: $? = 1
configure: failed program was:
| /* confdefs.h */
| #define PACKAGE_NAME "LRDE Tiger Compiler"
| #define PACKAGE_TARNAME "tc"
| #define PACKAGE_VERSION "1.91.a"
| #define PACKAGE_STRING "LRDE Tiger Compiler 1.91.a"
| #define PACKAGE_BUGREPORT "tiger@lrde.epita.fr"
| #define PACKAGE_URL "http://tiger.lrde.epita.fr"
| #define PACKAGE "tc"
| #define VERSION "1.91.a"
| #define FLEX_MAJOR_VERSION 2
| #define FLEX_MINOR_VERSION 6
| #define FLEX_SUBMINOR_VERSION 4
| #define HAVE_STDIO_H 1
| #define HAVE_STDLIB_H 1
| #define HAVE_STRING_H 1
| #define HAVE_INTTYPES_H 1
| #define HAVE_STDINT_H 1
| #define HAVE_STRINGS_H 1
| #define HAVE_SYS_STAT_H 1
| #define HAVE_SYS_TYPES_H 1
| #define HAVE_UNISTD_H 1
| #define STDC_HEADERS 1
| #define HAVE_DLFCN_H 1
| #define LT_OBJDIR ".libs/"
| #define HAVE_BOOST 1
| #define HAVE_BOOST_CAST_HPP 1
| #define HAVE_BOOST_LEXICAL_CAST_HPP 1
| /* end confdefs.h.  */
| 
| #if defined __GNUC__ && __GNUC__ == 3 && __GNUC_MINOR__ == 2 && !defined __ICC
| /* OK */
| #else
| # error defined __GNUC__ && __GNUC__ == 3 && __GNUC_MINOR__ == 2 && !defined __ICC
| #endif
| 
| int
| main (void)
| {
| 
|   ;
|   return 0;
| }
configure:19062: g++ -c -std=c++20 -O0 -g -fno-inline -std=c++20 -pipe  conftest.cpp >&5
conftest.cpp:33:3: error: #error defined _MSC_VER && _MSC_VER == 1310
   33 | # error defined _MSC_VER && _MSC_VER == 1310
      |   ^~~~~
configure:19062: $? = 1
configure: failed program was:
| /* confdefs.h */
| #define PACKAGE_NAME "LRDE Tiger Compiler"
| #define PACKAGE_TARNAME "tc"
| #define PACKAGE_VERSION "1.91.a"
| #define PACKAGE_STRING "LRDE Tiger Compiler 1.91.a"
| #define PACKAGE_BUGREPORT "tiger@lrde.epita.fr"
| #define PACKAGE_URL "http://tiger.lrde.epita.fr"
| #define PACKAGE "tc"
| #define VERSION "1.91.a"
| #define FLEX_MAJOR_VERSION 2
| #define FLEX_MINOR_VERSION 6
| #define FLEX_SUBMINOR_VERSION 4
| #define HAVE_STDIO_H 1
| #define HAVE_STDLIB_H 1
| #define HAVE_STRING_H 1
| #define HAVE_INTTYPES_H 1
| #define HAVE_STDINT_H 1
| #define HAVE_STRINGS_H 1
| #define HAVE_SYS_STAT_H 1
| #define HAVE_SYS_TYPES_H 1
| #define HAVE_UNISTD_H 1
| #define STDC_HEADERS 1
| #define HAVE_DLFCN_H 1
| #define LT_OBJDIR ".libs/"
| #define HAVE_BOOST 1
| #define HAVE_BOOST_CAST_HPP 1
| #define HAVE_BOOST_LEXICAL_CAST_HPP 1
| /* end confdefs.h.  */
| 
| #if defined _MSC_VER && _MSC_VER == 1310
| /* OK */
| #else
| # error defined _MSC_VER && _MSC_VER == 1310
| #endif
| 
| int
| main (void)
| {
| 
|   ;
|   return 0;
| }
configure:19062: g++ -c -std=c++20 -O0 -g -fno-inline -std=c++20 -pipe  conftest.cpp >&5
conftest.cpp:33:3: error: #error defined __GNUC__ && __GNUC__ == 3 && __GNUC_MINOR__ == 1 && !defined __ICC
   33 | # error defined __GNUC__ && __GNUC__ == 3 && __GNUC_MINOR__ == 1 && !defined __ICC
      |   ^~~~~
configure:19062: $? = 1
configure: failed program was:
| /* confdefs.h */
| #define PACKAGE_NAME "LRDE Tiger Compiler"
| #define PACKAGE_TARNAME "tc"
| #define PACKAGE_VERSION "1.91.a"
| #define PACKAGE_STRING "LRDE Tiger Compiler 1.91.a"
| #define PACKAGE_BUGREPORT "tiger@lrde.epita.fr"
| #define PACKAGE_URL "http://tiger.lrde.epita.fr"
| #define PACKAGE "tc"
| #define VERSION "1.91.a"
| #define FLEX_MAJOR_VERSION 2
| #define FLEX_MINOR_VERSION 6
| #define FLEX_SUBMINOR_VERSION 4
| #define HAVE_STDIO_H 1
| #define HAVE_STDLIB_H 1
| #define HAVE_STRING_H 1
| #define HAVE_INTTYPES_H 1
| #define HAVE_STDINT_H 1
| #define HAVE_STRINGS_H 1
| #define HAVE_SYS_STAT_H 1
| #define HAVE_SYS_TYPES_H 1
| #define HAVE_UNISTD_H 1
| #define STDC_HEADERS 1
| #define HAVE_DLFCN_H 1
| #define LT_OBJDIR ".libs/"
| #define HAVE_BOOST 1
| #define HAVE_BOOST_CAST_HPP 1
| #define HAVE_BOOST_LEXICAL_CAST_HPP 1
| /* end confdefs.h.  */
| 
| #if defined __GNUC__ && __GNUC__ == 3 && __GNUC_MINOR__ == 1 && !defined __ICC
| /* OK */
| #else
| # error defined __GNUC__ && __GNUC__ == 3 && __GNUC_MINOR__ == 1 && !defined __ICC
| #endif
| 
| int
| main (void)
| {
| 
|   ;
|   return 0;
| }
configure:19062: g++ -c -std=c++20 -O0 -g -fno-inline -std=c++20 -pipe  conftest.cpp >&5
conftest.cpp:33:3: error: #error defined __GNUC__ && __GNUC__ == 3 && __GNUC_MINOR__ == 0 && !defined __ICC
   33 | # error defined __GNUC__ && __GNUC__ == 3 && __GNUC_MINOR__ == 0 && !defined __ICC
      |   ^~~~~
configure:19062: $? = 1
configure: failed program was:
| /* confdefs.h */
| #define PACKAGE_NAME "LRDE Tiger Compiler"
| #define PACKAGE_TARNAME "tc"
| #define PACKAGE_VERSION "1.91.a"
| #define PACKAGE_STRING "LRDE Tiger Compiler 1.91.a"
| #define PACKAGE_BUGREPORT "tiger@lrde.epita.fr"
| #define PACKAGE_URL "http://tiger.lrde.epita.fr"
| #define PACKAGE "tc"
| #define VERSION "1.91.a"
| #define FLEX_MAJOR_VERSION 2
| #define FLEX_MINOR_VERSION 6
| #define FLEX_SUBMINOR_VERSION 4
| #define HAVE_STDIO_H 1
| #define HAVE_STDLIB_H 1
| #define HAVE_STRING_H 1
| #define HAVE_INTTYPES_H 1
| #define HAVE_STDINT_H 1
| #define HAVE_STRINGS_H 1
| #define HAVE_SYS_STAT_H 1
| #define HAVE_SYS_TYPES_H 1
| #define HAVE_UNISTD_H 1
| #define STDC_HEADERS 1
| #define HAVE_DLFCN_H 1
| #define LT_OBJDIR ".libs/"
| #define HAVE_BOOST 1
| #define HAVE_BOOST_CAST_HPP 1
| #define HAVE_BOOST_LEXICAL_CAST_HPP 1
| /* end confdefs.h.  */
| 
| #if defined __GNUC__ && __GNUC__ == 3 && __GNUC_MINOR__ == 0 && !defined __ICC
| /* OK */
| #else
| # error defined __GNUC__ && __GNUC__ == 3 && __GNUC_MINOR__ == 0 && !defined __ICC
| #endif
| 
| int
| main (void)
| {
| 
|   ;
|   return 0;
| }
configure:19062: g++ -c -std=c++20 -O0 -g -fno-inline -std=c++20 -pipe  conftest.cpp >&5
conftest.cpp:33:3: error: #error defined __BORLANDC__
   33 | # error defined __BORLANDC__
      |   ^~~~~
configure:19062: $? = 1
configure: failed program was:
| /* confdefs.h */
| #define PACKAGE_NAME "LRDE Tiger Compiler"
| #define PACKAGE_TARNAME "tc"
| #define PACKAGE_VERSION "1.91.a"
| #define PACKAGE_STRING "LRDE Tiger Compiler 1.91.a"
| #define PACKAGE_BUGREPORT "tiger@lrde.epita.fr"
| #define PACKAGE_URL "http://tiger.lrde.epita.fr"
| #define PACKAGE "tc"
| #define VERSION "1.91.a"
| #define FLEX_MAJOR_VERSION 2
| #define FLEX_MINOR_VERSION 6
| #define FLEX_SUBMINOR_VERSION 4
| #define HAVE_STDIO_H 1
| #define HAVE_STDLIB_H 1
| #define HAVE_STRING_H 1
| #define HAVE_INTTYPES_H 1
| #define HAVE_STDINT_H 1
| #define HAVE_STRINGS_H 1
| #define HAVE_SYS_STAT_H 1
| #define HAVE_SYS_TYPES_H 1
| #define HAVE_UNISTD_H 1
| #define STDC_HEADERS 1
| #define HAVE_DLFCN_H 1
| #define LT_OBJDIR ".libs/"
| #define HAVE_BOOST 1
| #define HAVE_BOOST_CAST_HPP 1
| #define HAVE_BOOST_LEXICAL_CAST_HPP 1
| /* end confdefs.h.  */
| 
| #if defined __BORLANDC__
| /* OK */
| #else
| # error defined __BORLANDC__
| #endif
| 
| int
| main (void)
| {
| 
|   ;
|   return 0;
| }
configure:19062: g++ -c -std=c++20 -O0 -g -fno-inline -std=c++20 -pipe  conftest.cpp >&5
conftest.cpp:30:49: error: operator "defined" requires an identifier
   30 | #if defined __ICC && (defined __unix || defined )
      |                                                 ^
conftest.cpp:30:22: error: missing ')' in expression
   30 | #if defined __ICC && (defined __unix || defined )
      |                      ^
conftest.cpp:33:3: error: #error defined __ICC && (defined __unix || defined )
   33 | # error defined __ICC && (defined __unix || defined )
      |   ^~~~~
configure:19062: $? = 1
configure: failed program was:
| /* confdefs.h */
| #define PACKAGE_NAME "LRDE Tiger Compiler"
| #define PACKAGE_TARNAME "tc"
| #define PACKAGE_VERSION "1.91.a"
| #define PACKAGE_STRING "LRDE Tiger Compiler 1.91.a"
| #define PACKAGE_BUGREPORT "tiger@lrde.epita.fr"
| #define PACKAGE_URL "http://tiger.lrde.epita.fr"
| #define PACKAGE "tc"
| #define VERSION "1.91.a"
| #define FLEX_MAJOR_VERSION 2
| #define FLEX_MINOR_VERSION 6
| #define FLEX_SUBMINOR_VERSION 4
| #define HAVE_STDIO_H 1
| #define HAVE_STDLIB_H 1
| #define HAVE_STRING_H 1
| #define HAVE_INTTYPES_H 1
| #define HAVE_STDINT_H 1
| #define HAVE_STRINGS_H 1
| #define HAVE_SYS_STAT_H 1
| #define HAVE_SYS_TYPES_H 1
| #define HAVE_UNISTD_H 1
| #define STDC_HEADERS 1
| #define HAVE_DLFCN_H 1
| #define LT_OBJDIR ".libs/"
| #define HAVE_BOOST 1
| #define HAVE_BOOST_CAST_HPP 1
| #define HAVE_BOOST_LEXICAL_CAST_HPP 1
| /* end confdefs.h.  */
| 
| #if defined __ICC && (defined __unix || defined )
| /* OK */
| #else
| # error defined __ICC && (defined __unix || defined )
| #endif
| 
| int
| main (void)
| {
| 
|   ;
|   return 0;
| }
configure:19062: g++ -c -std=c++20 -O0 -g -fno-inline -std=c++20 -pipe  conftest.cpp >&5
conftest.cpp:33:3: error: #error defined __ICL
   33 | # error defined __ICL
      |   ^~~~~
configure:19062: $? = 1
configure: failed program was:
| /* confdefs.h */
| #define PACKAGE_NAME "LRDE Tiger Compiler"
| #define PACKAGE_TARNAME "tc"
| #define PACKAGE_VERSION "1.91.a"
| #define PACKAGE_STRING "LRDE Tiger Compiler 1.91.a"
| #define PACKAGE_BUGREPORT "tiger@lrde.epita.fr"
| #define PACKAGE_URL "http://tiger.lrde.epita.fr"
| #define PACKAGE "tc"
| #define VERSION "1.91.a"
| #define FLEX_MAJOR_VERSION 2
| #define FLEX_MINOR_VERSION 6
| #define FLEX_SUBMINOR_VERSION 4
| #define HAVE_STDIO_H 1
| #define HAVE_STDLIB_H 1
| #define HAVE_STRING_H 1
| #define HAVE_INTTYPES_H 1
| #define HAVE_STDINT_H 1
| #define HAVE_STRINGS_H 1
| #define HAVE_SYS_STAT_H 1
| #define HAVE_SYS_TYPES_H 1
| #define HAVE_UNISTD_H 1
| #define STDC_HEADERS 1
| #define HAVE_DLFCN_H 1
| #define LT_OBJDIR ".libs/"
| #define HAVE_BOOST 1
| #define HAVE_BOOST_CAST_HPP 1
| #define HAVE_BOOST_LEXICAL_CAST_HPP 1
| /* end confdefs.h.  */
| 
| #if defined __ICL
| /* OK */
| #else
| # error defined __ICL
| #endif
| 
| int
| main (void)
| {
| 
|   ;
|   return 0;
| }
configure:19062: g++ -c -std=c++20 -O0 -g -fno-inline -std=c++20 -pipe  conftest.cpp >&5
conftest.cpp:33:3: error: #error defined _MSC_VER && _MSC_VER == 1300
   33 | # error defined _MSC_VER && _MSC_VER == 1300
      |   ^~~~~
configure:19062: $? = 1
configure: failed program was:
| /* confdefs.h */
| #define PACKAGE_NAME "LRDE Tiger Compiler"
| #define PACKAGE_TARNAME "tc"
| #define PACKAGE_VERSION "1.91.a"
| #define PACKAGE_STRING "LRDE Tiger Compiler 1.91.a"
| #define PACKAGE_BUGREPORT "tiger@lrde.epita.fr"
| #define PACKAGE_URL "http://tiger.lrde.epita.fr"
| #define PACKAGE "tc"
| #define VERSION "1.91.a"
| #define FLEX_MAJOR_VERSION 2
| #define FLEX_MINOR_VERSION 6
| #define FLEX_SUBMINOR_VERSION 4
| #define HAVE_STDIO_H 1
| #define HAVE_STDLIB_H 1
| #define HAVE_STRING_H 1
| #define HAVE_INTTYPES_H 1
| #define HAVE_STDINT_H 1
| #define HAVE_STRINGS_H 1
| #define HAVE_SYS_STAT_H 1
| #define HAVE_SYS_TYPES_H 1
| #define HAVE_UNISTD_H 1
| #define STDC_HEADERS 1
| #define HAVE_DLFCN_H 1
| #define LT_OBJDIR ".libs/"
| #define HAVE_BOOST 1
| #define HAVE_BOOST_CAST_HPP 1
| #define HAVE_BOOST_LEXICAL_CAST_HPP 1
| /* end confdefs.h.  */
| 
| #if defined _MSC_VER && _MSC_VER == 1300
| /* OK */
| #else
| # error defined _MSC_VER && _MSC_VER == 1300
| #endif
| 
| int
| main (void)
| {
| 
|   ;
|   return 0;
| }
configure:19062: g++ -c -std=c++20 -O0 -g -fno-inline -std=c++20 -pipe  conftest.cpp >&5
conftest.cpp:33:3: error: #error defined __GNUC__ && __GNUC__ == 2 && __GNUC_MINOR__ == 95 && !defined __ICC
   33 | # error defined __GNUC__ && __GNUC__ == 2 && __GNUC_MINOR__ == 95 && !defined __ICC
      |   ^~~~~
configure:19062: $? = 1
configure: failed program was:
| /* confdefs.h */
| #define PACKAGE_NAME "LRDE Tiger Compiler"
| #define PACKAGE_TARNAME "tc"
| #define PACKAGE_VERSION "1.91.a"
| #define PACKAGE_STRING "LRDE Tiger Compiler 1.91.a"
| #define PACKAGE_BUGREPORT "tiger@lrde.epita.fr"
| #define PACKAGE_URL "http://tiger.lrde.epita.fr"
| #define PACKAGE "tc"
| #define VERSION "1.91.a"
| #define FLEX_MAJOR_VERSION 2
| #define FLEX_MINOR_VERSION 6
| #define FLEX_SUBMINOR_VERSION 4
| #define HAVE_STDIO_H 1
| #define HAVE_STDLIB_H 1
| #define HAVE_STRING_H 1
| #define HAVE_INTTYPES_H 1
| #define HAVE_STDINT_H 1
| #define HAVE_STRINGS_H 1
| #define HAVE_SYS_STAT_H 1
| #define HAVE_SYS_TYPES_H 1
| #define HAVE_UNISTD_H 1
| #define STDC_HEADERS 1
| #define HAVE_DLFCN_H 1
| #define LT_OBJDIR ".libs/"
| #define HAVE_BOOST 1
| #define HAVE_BOOST_CAST_HPP 1
| #define HAVE_BOOST_LEXICAL_CAST_HPP 1
| /* end confdefs.h.  */
| 
| #if defined __GNUC__ && __GNUC__ == 2 && __GNUC_MINOR__ == 95 && !defined __ICC
| /* OK */
| #else
| # error defined __GNUC__ && __GNUC__ == 2 && __GNUC_MINOR__ == 95 && !defined __ICC
| #endif
| 
| int
| main (void)
| {
| 
|   ;
|   return 0;
| }
configure:19062: g++ -c -std=c++20 -O0 -g -fno-inline -std=c++20 -pipe  conftest.cpp >&5
conftest.cpp:33:3: error: #error defined __MWERKS__ && __MWERKS__ <= 0x32FF
   33 | # error defined __MWERKS__ && __MWERKS__ <= 0x32FF
      |   ^~~~~
configure:19062: $? = 1
configure: failed program was:
| /* confdefs.h */
| #define PACKAGE_NAME "LRDE Tiger Compiler"
| #define PACKAGE_TARNAME "tc"
| #define PACKAGE_VERSION "1.91.a"
| #define PACKAGE_STRING "LRDE Tiger Compiler 1.91.a"
| #define PACKAGE_BUGREPORT "tiger@lrde.epita.fr"
| #define PACKAGE_URL "http://tiger.lrde.epita.fr"
| #define PACKAGE "tc"
| #define VERSION "1.91.a"
| #define FLEX_MAJOR_VERSION 2
| #define FLEX_MINOR_VERSION 6
| #define FLEX_SUBMINOR_VERSION 4
| #define HAVE_STDIO_H 1
| #define HAVE_STDLIB_H 1
| #define HAVE_STRING_H 1
| #define HAVE_INTTYPES_H 1
| #define HAVE_STDINT_H 1
| #define HAVE_STRINGS_H 1
| #define HAVE_SYS_STAT_H 1
| #define HAVE_SYS_TYPES_H 1
| #define HAVE_UNISTD_H 1
| #define STDC_HEADERS 1
| #define HAVE_DLFCN_H 1
| #define LT_OBJDIR ".libs/"
| #define HAVE_BOOST 1
| #define HAVE_BOOST_CAST_HPP 1
| #define HAVE_BOOST_LEXICAL_CAST_HPP 1
| /* end confdefs.h.  */
| 
| #if defined __MWERKS__ && __MWERKS__ <= 0x32FF
| /* OK */
| #else
| # error defined __MWERKS__ && __MWERKS__ <= 0x32FF
| #endif
| 
| int
| main (void)
| {
| 
|   ;
|   return 0;
| }
configure:19062: g++ -c -std=c++20 -O0 -g -fno-inline -std=c++20 -pipe  conftest.cpp >&5
conftest.cpp:33:3: error: #error defined _MSC_VER && _MSC_VER < 1300 && !defined UNDER_CE
   33 | # error defined _MSC_VER && _MSC_VER < 1300 && !defined UNDER_CE
      |   ^~~~~
configure:19062: $? = 1
configure: failed program was:
| /* confdefs.h */
| #define PACKAGE_NAME "LRDE Tiger Compiler"
| #define PACKAGE_TARNAME "tc"
| #define PACKAGE_VERSION "1.91.a"
| #define PACKAGE_STRING "LRDE Tiger Compiler 1.91.a"
| #define PACKAGE_BUGREPORT "tiger@lrde.epita.fr"
| #define PACKAGE_URL "http://tiger.lrde.epita.fr"
| #define PACKAGE "tc"
| #define VERSION "1.91.a"
| #define FLEX_MAJOR_VERSION 2
| #define FLEX_MINOR_VERSION 6
| #define FLEX_SUBMINOR_VERSION 4
| #define HAVE_STDIO_H 1
| #define HAVE_STDLIB_H 1
| #define HAVE_STRING_H 1
| #define HAVE_INTTYPES_H 1
| #define HAVE_STDINT_H 1
| #define HAVE_STRINGS_H 1
| #define HAVE_SYS_STAT_H 1
| #define HAVE_SYS_TYPES_H 1
| #define HAVE_UNISTD_H 1
| #define STDC_HEADERS 1
| #define HAVE_DLFCN_H 1
| #define LT_OBJDIR ".libs/"
| #define HAVE_BOOST 1
| #define HAVE_BOOST_CAST_HPP 1
| #define HAVE_BOOST_LEXICAL_CAST_HPP 1
| /* end confdefs.h.  */
| 
| #if defined _MSC_VER && _MSC_VER < 1300 && !defined UNDER_CE
| /* OK */
| #else
| # error defined _MSC_VER && _MSC_VER < 1300 && !defined UNDER_CE
| #endif
| 
| int
| main (void)
| {
| 
|   ;
|   return 0;
| }
configure:19062: g++ -c -std=c++20 -O0 -g -fno-inline -std=c++20 -pipe  conftest.cpp >&5
conftest.cpp:33:3: error: #error defined _MSC_VER && _MSC_VER < 1300 && defined UNDER_CE
   33 | # error defined _MSC_VER && _MSC_VER < 1300 && defined UNDER_CE
      |   ^~~~~
configure:19062: $? = 1
configure: failed program was:
| /* confdefs.h */
| #define PACKAGE_NAME "LRDE Tiger Compiler"
| #define PACKAGE_TARNAME "tc"
| #define PACKAGE_VERSION "1.91.a"
| #define PACKAGE_STRING "LRDE Tiger Compiler 1.91.a"
| #define PACKAGE_BUGREPORT "tiger@lrde.epita.fr"
| #define PACKAGE_URL "http://tiger.lrde.epita.fr"
| #define PACKAGE "tc"
| #define VERSION "1.91.a"
| #define FLEX_MAJOR_VERSION 2
| #define FLEX_MINOR_VERSION 6
| #define FLEX_SUBMINOR_VERSION 4
| #define HAVE_STDIO_H 1
| #define HAVE_STDLIB_H 1
| #define HAVE_STRING_H 1
| #define HAVE_INTTYPES_H 1
| #define HAVE_STDINT_H 1
| #define HAVE_STRINGS_H 1
| #define HAVE_SYS_STAT_H 1
| #define HAVE_SYS_TYPES_H 1
| #define HAVE_UNISTD_H 1
| #define STDC_HEADERS 1
| #define HAVE_DLFCN_H 1
| #define LT_OBJDIR ".libs/"
| #define HAVE_BOOST 1
| #define HAVE_BOOST_CAST_HPP 1
| #define HAVE_BOOST_LEXICAL_CAST_HPP 1
| /* end confdefs.h.  */
| 
| #if defined _MSC_VER && _MSC_VER < 1300 && defined UNDER_CE
| /* OK */
| #else
| # error defined _MSC_VER && _MSC_VER < 1300 && defined UNDER_CE
| #endif
| 
| int
| main (void)
| {
| 
|   ;
|   return 0;
| }
configure:19062: g++ -c -std=c++20 -O0 -g -fno-inline -std=c++20 -pipe  conftest.cpp >&5
conftest.cpp:33:3: error: #error defined __MWERKS__ && __MWERKS__ <= 0x31FF
   33 | # error defined __MWERKS__ && __MWERKS__ <= 0x31FF
      |   ^~~~~
configure:19062: $? = 1
configure: failed program was:
| /* confdefs.h */
| #define PACKAGE_NAME "LRDE Tiger Compiler"
| #define PACKAGE_TARNAME "tc"
| #define PACKAGE_VERSION "1.91.a"
| #define PACKAGE_STRING "LRDE Tiger Compiler 1.91.a"
| #define PACKAGE_BUGREPORT "tiger@lrde.epita.fr"
| #define PACKAGE_URL "http://tiger.lrde.epita.fr"
| #define PACKAGE "tc"
| #define VERSION "1.91.a"
| #define FLEX_MAJOR_VERSION 2
| #define FLEX_MINOR_VERSION 6
| #define FLEX_SUBMINOR_VERSION 4
| #define HAVE_STDIO_H 1
| #define HAVE_STDLIB_H 1
| #define HAVE_STRING_H 1
| #define HAVE_INTTYPES_H 1
| #define HAVE_STDINT_H 1
| #define HAVE_STRINGS_H 1
| #define HAVE_SYS_STAT_H 1
| #define HAVE_SYS_TYPES_H 1
| #define HAVE_UNISTD_H 1
| #define STDC_HEADERS 1
| #define HAVE_DLFCN_H 1
| #define LT_OBJDIR ".libs/"
| #define HAVE_BOOST 1
| #define HAVE_BOOST_CAST_HPP 1
| #define HAVE_BOOST_LEXICAL_CAST_HPP 1
| /* end confdefs.h.  */
| 
| #if defined __MWERKS__ && __MWERKS__ <= 0x31FF
| /* OK */
| #else
| # error defined __MWERKS__ && __MWERKS__ <= 0x31FF
| #endif
| 
| int
| main (void)
| {
| 
|   ;
|   return 0;
| }
configure:19091: WARNING: could not figure out which toolset name to use for g++
configure:19098: result: 
configure:19131: g++ -c -std=c++20 -O0 -g -fno-inline -std=c++20 -pipe  conftest.cpp >&5
conftest.cpp:33:3: error: #error MT not needed
   33 | # error MT not needed
      |   ^~~~~
configure:19131: $? = 1
configure: failed program was:
| /* confdefs.h */
| #define PACKAGE_NAME "LRDE Tiger Compiler"
| #define PACKAGE_TARNAME "tc"
| #define PACKAGE_VERSION "1.91.a"
| #define PACKAGE_STRING "LRDE Tiger Compiler 1.91.a"
| #define PACKAGE_BUGREPORT "tiger@lrde.epita.fr"
| #define PACKAGE_URL "http://tiger.lrde.epita.fr"
| #define PACKAGE "tc"
| #define VERSION "1.91.a"
| #define FLEX_MAJOR_VERSION 2
| #define FLEX_MINOR_VERSION 6
| #define FLEX_SUBMINOR_VERSION 4
| #define HAVE_STDIO_H 1
| #define HAVE_STDLIB_H 1
| #define HAVE_STRING_H 1
| #define HAVE_INTTYPES_H 1
| #define HAVE_STDINT_H 1
| #define HAVE_STRINGS_H 1
| #define HAVE_SYS_STAT_H 1
| #define HAVE_SYS_TYPES_H 1
| #define HAVE_UNISTD_H 1
| #define STDC_HEADERS 1
| #define HAVE_DLFCN_H 1
| #define LT_OBJDIR ".libs/"
| #define HAVE_BOOST 1
| #define HAVE_BOOST_CAST_HPP 1
| #define HAVE_BOOST_LEXICAL_CAST_HPP 1
| /* end confdefs.h.  */
| 
| #if defined _REENTRANT || defined _MT || defined __MT__
| /* use -mt */
| #else
| # error MT not needed
| #endif
| 
| int
| main (void)
| {
| 
|   ;
|   return 0;
| }
configure:19164: checking for boost/graph/adjacency_list.hpp
configure:19164: g++ -c -std=c++20 -O0 -g -fno-inline -std=c++20 -pipe   conftest.cpp >&5
configure:19164: $? = 0
configure:19164: result: yes
configure:19184: checking for the Boost graph library
configure:19227: g++ -c -std=c++20 -O0 -g -fno-inline -std=c++20 -pipe   conftest.cpp >&5
configure:19227: $? = 0
configure:19283: re-using the existing conftest.o
configure:19289: g++ -o conftest -std=c++20 -O0 -g -fno-inline -std=c++20 -pipe    conftest.o -lboost_graph--mt-1_69  >&5
/nix/store/hwjfmjmdj72045gk3b843x46qj5vnys1-binutils-2.35.2/bin/ld: cannot find -lboost_graph--mt-1_69
collect2: error: ld returned 1 exit status
configure:19298: $? = 1
configure:19283: re-using the existing conftest.o
configure:19289: g++ -o conftest -std=c++20 -O0 -g -fno-inline -std=c++20 -pipe    conftest.o -lboost_graph--mt-1_69  >&5
/nix/store/hwjfmjmdj72045gk3b843x46qj5vnys1-binutils-2.35.2/bin/ld: cannot find -lboost_graph--mt-1_69
collect2: error: ld returned 1 exit status
configure:19298: $? = 1
configure:19283: re-using the existing conftest.o
configure:19289: g++ -o conftest -std=c++20 -O0 -g -fno-inline -std=c++20 -pipe    conftest.o -lboost_graph--1_69  >&5
/nix/store/hwjfmjmdj72045gk3b843x46qj5vnys1-binutils-2.35.2/bin/ld: cannot find -lboost_graph--1_69
collect2: error: ld returned 1 exit status
configure:19298: $? = 1
configure:19283: re-using the existing conftest.o
configure:19289: g++ -o conftest -std=c++20 -O0 -g -fno-inline -std=c++20 -pipe    conftest.o -lboost_graph--1_69  >&5
/nix/store/hwjfmjmdj72045gk3b843x46qj5vnys1-binutils-2.35.2/bin/ld: cannot find -lboost_graph--1_69
collect2: error: ld returned 1 exit status
configure:19298: $? = 1
configure:19283: re-using the existing conftest.o
configure:19289: g++ -o conftest -std=c++20 -O0 -g -fno-inline -std=c++20 -pipe    conftest.o -lboost_graph--mt-d-1_69  >&5
/nix/store/hwjfmjmdj72045gk3b843x46qj5vnys1-binutils-2.35.2/bin/ld: cannot find -lboost_graph--mt-d-1_69
collect2: error: ld returned 1 exit status
configure:19298: $? = 1
configure:19283: re-using the existing conftest.o
configure:19289: g++ -o conftest -std=c++20 -O0 -g -fno-inline -std=c++20 -pipe    conftest.o -lboost_graph--mt-d-1_69  >&5
/nix/store/hwjfmjmdj72045gk3b843x46qj5vnys1-binutils-2.35.2/bin/ld: cannot find -lboost_graph--mt-d-1_69
collect2: error: ld returned 1 exit status
configure:19298: $? = 1
configure:19283: re-using the existing conftest.o
configure:19289: g++ -o conftest -std=c++20 -O0 -g -fno-inline -std=c++20 -pipe    conftest.o -lboost_graph--d-1_69  >&5
/nix/store/hwjfmjmdj72045gk3b843x46qj5vnys1-binutils-2.35.2/bin/ld: cannot find -lboost_graph--d-1_69
collect2: error: ld returned 1 exit status
configure:19298: $? = 1
configure:19283: re-using the existing conftest.o
configure:19289: g++ -o conftest -std=c++20 -O0 -g -fno-inline -std=c++20 -pipe    conftest.o -lboost_graph--d-1_69  >&5
/nix/store/hwjfmjmdj72045gk3b843x46qj5vnys1-binutils-2.35.2/bin/ld: cannot find -lboost_graph--d-1_69
collect2: error: ld returned 1 exit status
configure:19298: $? = 1
configure:19283: re-using the existing conftest.o
configure:19289: g++ -o conftest -std=c++20 -O0 -g -fno-inline -std=c++20 -pipe    conftest.o -lboost_graph--mt  >&5
/nix/store/hwjfmjmdj72045gk3b843x46qj5vnys1-binutils-2.35.2/bin/ld: cannot find -lboost_graph--mt
collect2: error: ld returned 1 exit status
configure:19298: $? = 1
configure:19283: re-using the existing conftest.o
configure:19289: g++ -o conftest -std=c++20 -O0 -g -fno-inline -std=c++20 -pipe    conftest.o -lboost_graph--mt  >&5
/nix/store/hwjfmjmdj72045gk3b843x46qj5vnys1-binutils-2.35.2/bin/ld: cannot find -lboost_graph--mt
collect2: error: ld returned 1 exit status
configure:19298: $? = 1
configure:19283: re-using the existing conftest.o
configure:19289: g++ -o conftest -std=c++20 -O0 -g -fno-inline -std=c++20 -pipe    conftest.o -lboost_graph-  >&5
/nix/store/hwjfmjmdj72045gk3b843x46qj5vnys1-binutils-2.35.2/bin/ld: cannot find -lboost_graph-
collect2: error: ld returned 1 exit status
configure:19298: $? = 1
configure:19283: re-using the existing conftest.o
configure:19289: g++ -o conftest -std=c++20 -O0 -g -fno-inline -std=c++20 -pipe    conftest.o -lboost_graph-  >&5
/nix/store/hwjfmjmdj72045gk3b843x46qj5vnys1-binutils-2.35.2/bin/ld: cannot find -lboost_graph-
collect2: error: ld returned 1 exit status
configure:19298: $? = 1
configure:19283: re-using the existing conftest.o
configure:19289: g++ -o conftest -std=c++20 -O0 -g -fno-inline -std=c++20 -pipe    conftest.o -lboost_graph--mt-d  >&5
/nix/store/hwjfmjmdj72045gk3b843x46qj5vnys1-binutils-2.35.2/bin/ld: cannot find -lboost_graph--mt-d
collect2: error: ld returned 1 exit status
configure:19298: $? = 1
configure:19283: re-using the existing conftest.o
configure:19289: g++ -o conftest -std=c++20 -O0 -g -fno-inline -std=c++20 -pipe    conftest.o -lboost_graph--mt-d  >&5
/nix/store/hwjfmjmdj72045gk3b843x46qj5vnys1-binutils-2.35.2/bin/ld: cannot find -lboost_graph--mt-d
collect2: error: ld returned 1 exit status
configure:19298: $? = 1
configure:19283: re-using the existing conftest.o
configure:19289: g++ -o conftest -std=c++20 -O0 -g -fno-inline -std=c++20 -pipe    conftest.o -lboost_graph--d  >&5
/nix/store/hwjfmjmdj72045gk3b843x46qj5vnys1-binutils-2.35.2/bin/ld: cannot find -lboost_graph--d
collect2: error: ld returned 1 exit status
configure:19298: $? = 1
configure:19283: re-using the existing conftest.o
configure:19289: g++ -o conftest -std=c++20 -O0 -g -fno-inline -std=c++20 -pipe    conftest.o -lboost_graph--d  >&5
/nix/store/hwjfmjmdj72045gk3b843x46qj5vnys1-binutils-2.35.2/bin/ld: cannot find -lboost_graph--d
collect2: error: ld returned 1 exit status
configure:19298: $? = 1
configure:19283: re-using the existing conftest.o
configure:19289: g++ -o conftest -std=c++20 -O0 -g -fno-inline -std=c++20 -pipe    conftest.o -lboost_graph-mt-1_69  >&5
/nix/store/hwjfmjmdj72045gk3b843x46qj5vnys1-binutils-2.35.2/bin/ld: cannot find -lboost_graph-mt-1_69
collect2: error: ld returned 1 exit status
configure:19298: $? = 1
configure:19283: re-using the existing conftest.o
configure:19289: g++ -o conftest -std=c++20 -O0 -g -fno-inline -std=c++20 -pipe    conftest.o -lboost_graph-mt-1_69  >&5
/nix/store/hwjfmjmdj72045gk3b843x46qj5vnys1-binutils-2.35.2/bin/ld: cannot find -lboost_graph-mt-1_69
collect2: error: ld returned 1 exit status
configure:19298: $? = 1
configure:19283: re-using the existing conftest.o
configure:19289: g++ -o conftest -std=c++20 -O0 -g -fno-inline -std=c++20 -pipe    conftest.o -lboost_graph-1_69  >&5
/nix/store/hwjfmjmdj72045gk3b843x46qj5vnys1-binutils-2.35.2/bin/ld: cannot find -lboost_graph-1_69
collect2: error: ld returned 1 exit status
configure:19298: $? = 1
configure:19283: re-using the existing conftest.o
configure:19289: g++ -o conftest -std=c++20 -O0 -g -fno-inline -std=c++20 -pipe    conftest.o -lboost_graph-1_69  >&5
/nix/store/hwjfmjmdj72045gk3b843x46qj5vnys1-binutils-2.35.2/bin/ld: cannot find -lboost_graph-1_69
collect2: error: ld returned 1 exit status
configure:19298: $? = 1
configure:19283: re-using the existing conftest.o
configure:19289: g++ -o conftest -std=c++20 -O0 -g -fno-inline -std=c++20 -pipe    conftest.o -lboost_graph-mt-d-1_69  >&5
/nix/store/hwjfmjmdj72045gk3b843x46qj5vnys1-binutils-2.35.2/bin/ld: cannot find -lboost_graph-mt-d-1_69
collect2: error: ld returned 1 exit status
configure:19298: $? = 1
configure:19283: re-using the existing conftest.o
configure:19289: g++ -o conftest -std=c++20 -O0 -g -fno-inline -std=c++20 -pipe    conftest.o -lboost_graph-mt-d-1_69  >&5
/nix/store/hwjfmjmdj72045gk3b843x46qj5vnys1-binutils-2.35.2/bin/ld: cannot find -lboost_graph-mt-d-1_69
collect2: error: ld returned 1 exit status
configure:19298: $? = 1
configure:19283: re-using the existing conftest.o
configure:19289: g++ -o conftest -std=c++20 -O0 -g -fno-inline -std=c++20 -pipe    conftest.o -lboost_graph-d-1_69  >&5
/nix/store/hwjfmjmdj72045gk3b843x46qj5vnys1-binutils-2.35.2/bin/ld: cannot find -lboost_graph-d-1_69
collect2: error: ld returned 1 exit status
configure:19298: $? = 1
configure:19283: re-using the existing conftest.o
configure:19289: g++ -o conftest -std=c++20 -O0 -g -fno-inline -std=c++20 -pipe    conftest.o -lboost_graph-d-1_69  >&5
/nix/store/hwjfmjmdj72045gk3b843x46qj5vnys1-binutils-2.35.2/bin/ld: cannot find -lboost_graph-d-1_69
collect2: error: ld returned 1 exit status
configure:19298: $? = 1
configure:19283: re-using the existing conftest.o
configure:19289: g++ -o conftest -std=c++20 -O0 -g -fno-inline -std=c++20 -pipe    conftest.o -lboost_graph-mt  >&5
/nix/store/hwjfmjmdj72045gk3b843x46qj5vnys1-binutils-2.35.2/bin/ld: cannot find -lboost_graph-mt
collect2: error: ld returned 1 exit status
configure:19298: $? = 1
configure:19283: re-using the existing conftest.o
configure:19289: g++ -o conftest -std=c++20 -O0 -g -fno-inline -std=c++20 -pipe    conftest.o -lboost_graph-mt  >&5
/nix/store/hwjfmjmdj72045gk3b843x46qj5vnys1-binutils-2.35.2/bin/ld: cannot find -lboost_graph-mt
collect2: error: ld returned 1 exit status
configure:19298: $? = 1
configure:19283: re-using the existing conftest.o
configure:19289: g++ -o conftest -std=c++20 -O0 -g -fno-inline -std=c++20 -pipe    conftest.o -lboost_graph  >&5
configure:19298: $? = 0
configure:19413: result: yes
configure:19456: checking for boost/program_options.hpp
configure:19456: g++ -c -std=c++20 -O0 -g -fno-inline -std=c++20 -pipe   conftest.cpp >&5
configure:19456: $? = 0
configure:19456: result: yes
configure:19476: checking for the Boost program_options library
configure:19519: g++ -c -std=c++20 -O0 -g -fno-inline -std=c++20 -pipe   conftest.cpp >&5
configure:19519: $? = 0
configure:19575: re-using the existing conftest.o
configure:19581: g++ -o conftest -std=c++20 -O0 -g -fno-inline -std=c++20 -pipe    conftest.o -lboost_program_options--mt-1_69  >&5
/nix/store/hwjfmjmdj72045gk3b843x46qj5vnys1-binutils-2.35.2/bin/ld: cannot find -lboost_program_options--mt-1_69
collect2: error: ld returned 1 exit status
configure:19590: $? = 1
configure:19575: re-using the existing conftest.o
configure:19581: g++ -o conftest -std=c++20 -O0 -g -fno-inline -std=c++20 -pipe    conftest.o -lboost_program_options--mt-1_69  >&5
/nix/store/hwjfmjmdj72045gk3b843x46qj5vnys1-binutils-2.35.2/bin/ld: cannot find -lboost_program_options--mt-1_69
collect2: error: ld returned 1 exit status
configure:19590: $? = 1
configure:19575: re-using the existing conftest.o
configure:19581: g++ -o conftest -std=c++20 -O0 -g -fno-inline -std=c++20 -pipe    conftest.o -lboost_program_options--1_69  >&5
/nix/store/hwjfmjmdj72045gk3b843x46qj5vnys1-binutils-2.35.2/bin/ld: cannot find -lboost_program_options--1_69
collect2: error: ld returned 1 exit status
configure:19590: $? = 1
configure:19575: re-using the existing conftest.o
configure:19581: g++ -o conftest -std=c++20 -O0 -g -fno-inline -std=c++20 -pipe    conftest.o -lboost_program_options--1_69  >&5
/nix/store/hwjfmjmdj72045gk3b843x46qj5vnys1-binutils-2.35.2/bin/ld: cannot find -lboost_program_options--1_69
collect2: error: ld returned 1 exit status
configure:19590: $? = 1
configure:19575: re-using the existing conftest.o
configure:19581: g++ -o conftest -std=c++20 -O0 -g -fno-inline -std=c++20 -pipe    conftest.o -lboost_program_options--mt-d-1_69  >&5
/nix/store/hwjfmjmdj72045gk3b843x46qj5vnys1-binutils-2.35.2/bin/ld: cannot find -lboost_program_options--mt-d-1_69
collect2: error: ld returned 1 exit status
configure:19590: $? = 1
configure:19575: re-using the existing conftest.o
configure:19581: g++ -o conftest -std=c++20 -O0 -g -fno-inline -std=c++20 -pipe    conftest.o -lboost_program_options--mt-d-1_69  >&5
/nix/store/hwjfmjmdj72045gk3b843x46qj5vnys1-binutils-2.35.2/bin/ld: cannot find -lboost_program_options--mt-d-1_69
collect2: error: ld returned 1 exit status
configure:19590: $? = 1
configure:19575: re-using the existing conftest.o
configure:19581: g++ -o conftest -std=c++20 -O0 -g -fno-inline -std=c++20 -pipe    conftest.o -lboost_program_options--d-1_69  >&5
/nix/store/hwjfmjmdj72045gk3b843x46qj5vnys1-binutils-2.35.2/bin/ld: cannot find -lboost_program_options--d-1_69
collect2: error: ld returned 1 exit status
configure:19590: $? = 1
configure:19575: re-using the existing conftest.o
configure:19581: g++ -o conftest -std=c++20 -O0 -g -fno-inline -std=c++20 -pipe    conftest.o -lboost_program_options--d-1_69  >&5
/nix/store/hwjfmjmdj72045gk3b843x46qj5vnys1-binutils-2.35.2/bin/ld: cannot find -lboost_program_options--d-1_69
collect2: error: ld returned 1 exit status
configure:19590: $? = 1
configure:19575: re-using the existing conftest.o
configure:19581: g++ -o conftest -std=c++20 -O0 -g -fno-inline -std=c++20 -pipe    conftest.o -lboost_program_options--mt  >&5
/nix/store/hwjfmjmdj72045gk3b843x46qj5vnys1-binutils-2.35.2/bin/ld: cannot find -lboost_program_options--mt
collect2: error: ld returned 1 exit status
configure:19590: $? = 1
configure:19575: re-using the existing conftest.o
configure:19581: g++ -o conftest -std=c++20 -O0 -g -fno-inline -std=c++20 -pipe    conftest.o -lboost_program_options--mt  >&5
/nix/store/hwjfmjmdj72045gk3b843x46qj5vnys1-binutils-2.35.2/bin/ld: cannot find -lboost_program_options--mt
collect2: error: ld returned 1 exit status
configure:19590: $? = 1
configure:19575: re-using the existing conftest.o
configure:19581: g++ -o conftest -std=c++20 -O0 -g -fno-inline -std=c++20 -pipe    conftest.o -lboost_program_options-  >&5
/nix/store/hwjfmjmdj72045gk3b843x46qj5vnys1-binutils-2.35.2/bin/ld: cannot find -lboost_program_options-
collect2: error: ld returned 1 exit status
configure:19590: $? = 1
configure:19575: re-using the existing conftest.o
configure:19581: g++ -o conftest -std=c++20 -O0 -g -fno-inline -std=c++20 -pipe    conftest.o -lboost_program_options-  >&5
/nix/store/hwjfmjmdj72045gk3b843x46qj5vnys1-binutils-2.35.2/bin/ld: cannot find -lboost_program_options-
collect2: error: ld returned 1 exit status
configure:19590: $? = 1
configure:19575: re-using the existing conftest.o
configure:19581: g++ -o conftest -std=c++20 -O0 -g -fno-inline -std=c++20 -pipe    conftest.o -lboost_program_options--mt-d  >&5
/nix/store/hwjfmjmdj72045gk3b843x46qj5vnys1-binutils-2.35.2/bin/ld: cannot find -lboost_program_options--mt-d
collect2: error: ld returned 1 exit status
configure:19590: $? = 1
configure:19575: re-using the existing conftest.o
configure:19581: g++ -o conftest -std=c++20 -O0 -g -fno-inline -std=c++20 -pipe    conftest.o -lboost_program_options--mt-d  >&5
/nix/store/hwjfmjmdj72045gk3b843x46qj5vnys1-binutils-2.35.2/bin/ld: cannot find -lboost_program_options--mt-d
collect2: error: ld returned 1 exit status
configure:19590: $? = 1
configure:19575: re-using the existing conftest.o
configure:19581: g++ -o conftest -std=c++20 -O0 -g -fno-inline -std=c++20 -pipe    conftest.o -lboost_program_options--d  >&5
/nix/store/hwjfmjmdj72045gk3b843x46qj5vnys1-binutils-2.35.2/bin/ld: cannot find -lboost_program_options--d
collect2: error: ld returned 1 exit status
configure:19590: $? = 1
configure:19575: re-using the existing conftest.o
configure:19581: g++ -o conftest -std=c++20 -O0 -g -fno-inline -std=c++20 -pipe    conftest.o -lboost_program_options--d  >&5
/nix/store/hwjfmjmdj72045gk3b843x46qj5vnys1-binutils-2.35.2/bin/ld: cannot find -lboost_program_options--d
collect2: error: ld returned 1 exit status
configure:19590: $? = 1
configure:19575: re-using the existing conftest.o
configure:19581: g++ -o conftest -std=c++20 -O0 -g -fno-inline -std=c++20 -pipe    conftest.o -lboost_program_options-mt-1_69  >&5
/nix/store/hwjfmjmdj72045gk3b843x46qj5vnys1-binutils-2.35.2/bin/ld: cannot find -lboost_program_options-mt-1_69
collect2: error: ld returned 1 exit status
configure:19590: $? = 1
configure:19575: re-using the existing conftest.o
configure:19581: g++ -o conftest -std=c++20 -O0 -g -fno-inline -std=c++20 -pipe    conftest.o -lboost_program_options-mt-1_69  >&5
/nix/store/hwjfmjmdj72045gk3b843x46qj5vnys1-binutils-2.35.2/bin/ld: cannot find -lboost_program_options-mt-1_69
collect2: error: ld returned 1 exit status
configure:19590: $? = 1
configure:19575: re-using the existing conftest.o
configure:19581: g++ -o conftest -std=c++20 -O0 -g -fno-inline -std=c++20 -pipe    conftest.o -lboost_program_options-1_69  >&5
/nix/store/hwjfmjmdj72045gk3b843x46qj5vnys1-binutils-2.35.2/bin/ld: cannot find -lboost_program_options-1_69
collect2: error: ld returned 1 exit status
configure:19590: $? = 1
configure:19575: re-using the existing conftest.o
configure:19581: g++ -o conftest -std=c++20 -O0 -g -fno-inline -std=c++20 -pipe    conftest.o -lboost_program_options-1_69  >&5
/nix/store/hwjfmjmdj72045gk3b843x46qj5vnys1-binutils-2.35.2/bin/ld: cannot find -lboost_program_options-1_69
collect2: error: ld returned 1 exit status
configure:19590: $? = 1
configure:19575: re-using the existing conftest.o
configure:19581: g++ -o conftest -std=c++20 -O0 -g -fno-inline -std=c++20 -pipe    conftest.o -lboost_program_options-mt-d-1_69  >&5
/nix/store/hwjfmjmdj72045gk3b843x46qj5vnys1-binutils-2.35.2/bin/ld: cannot find -lboost_program_options-mt-d-1_69
collect2: error: ld returned 1 exit status
configure:19590: $? = 1
configure:19575: re-using the existing conftest.o
configure:19581: g++ -o conftest -std=c++20 -O0 -g -fno-inline -std=c++20 -pipe    conftest.o -lboost_program_options-mt-d-1_69  >&5
/nix/store/hwjfmjmdj72045gk3b843x46qj5vnys1-binutils-2.35.2/bin/ld: cannot find -lboost_program_options-mt-d-1_69
collect2: error: ld returned 1 exit status
configure:19590: $? = 1
configure:19575: re-using the existing conftest.o
configure:19581: g++ -o conftest -std=c++20 -O0 -g -fno-inline -std=c++20 -pipe    conftest.o -lboost_program_options-d-1_69  >&5
/nix/store/hwjfmjmdj72045gk3b843x46qj5vnys1-binutils-2.35.2/bin/ld: cannot find -lboost_program_options-d-1_69
collect2: error: ld returned 1 exit status
configure:19590: $? = 1
configure:19575: re-using the existing conftest.o
configure:19581: g++ -o conftest -std=c++20 -O0 -g -fno-inline -std=c++20 -pipe    conftest.o -lboost_program_options-d-1_69  >&5
/nix/store/hwjfmjmdj72045gk3b843x46qj5vnys1-binutils-2.35.2/bin/ld: cannot find -lboost_program_options-d-1_69
collect2: error: ld returned 1 exit status
configure:19590: $? = 1
configure:19575: re-using the existing conftest.o
configure:19581: g++ -o conftest -std=c++20 -O0 -g -fno-inline -std=c++20 -pipe    conftest.o -lboost_program_options-mt  >&5
/nix/store/hwjfmjmdj72045gk3b843x46qj5vnys1-binutils-2.35.2/bin/ld: cannot find -lboost_program_options-mt
collect2: error: ld returned 1 exit status
configure:19590: $? = 1
configure:19575: re-using the existing conftest.o
configure:19581: g++ -o conftest -std=c++20 -O0 -g -fno-inline -std=c++20 -pipe    conftest.o -lboost_program_options-mt  >&5
/nix/store/hwjfmjmdj72045gk3b843x46qj5vnys1-binutils-2.35.2/bin/ld: cannot find -lboost_program_options-mt
collect2: error: ld returned 1 exit status
configure:19590: $? = 1
configure:19575: re-using the existing conftest.o
configure:19581: g++ -o conftest -std=c++20 -O0 -g -fno-inline -std=c++20 -pipe    conftest.o -lboost_program_options  >&5
configure:19590: $? = 0
configure:19705: result: yes
configure:19739: checking for boost/algorithm/string.hpp
configure:19739: g++ -c -std=c++20 -O0 -g -fno-inline -std=c++20 -pipe   conftest.cpp >&5
configure:19739: $? = 0
configure:19739: result: yes
configure:19779: checking for boost/system/error_code.hpp
configure:19779: g++ -c -std=c++20 -O0 -g -fno-inline -std=c++20 -pipe   conftest.cpp >&5
configure:19779: $? = 0
configure:19779: result: yes
configure:19799: checking for the Boost system library
configure:19842: g++ -c -std=c++20 -O0 -g -fno-inline -std=c++20 -pipe   conftest.cpp >&5
configure:19842: $? = 0
configure:19898: re-using the existing conftest.o
configure:19904: g++ -o conftest -std=c++20 -O0 -g -fno-inline -std=c++20 -pipe    conftest.o -lboost_system--mt-1_69  >&5
/nix/store/hwjfmjmdj72045gk3b843x46qj5vnys1-binutils-2.35.2/bin/ld: cannot find -lboost_system--mt-1_69
collect2: error: ld returned 1 exit status
configure:19913: $? = 1
configure:19898: re-using the existing conftest.o
configure:19904: g++ -o conftest -std=c++20 -O0 -g -fno-inline -std=c++20 -pipe    conftest.o -lboost_system--mt-1_69  >&5
/nix/store/hwjfmjmdj72045gk3b843x46qj5vnys1-binutils-2.35.2/bin/ld: cannot find -lboost_system--mt-1_69
collect2: error: ld returned 1 exit status
configure:19913: $? = 1
configure:19898: re-using the existing conftest.o
configure:19904: g++ -o conftest -std=c++20 -O0 -g -fno-inline -std=c++20 -pipe    conftest.o -lboost_system--1_69  >&5
/nix/store/hwjfmjmdj72045gk3b843x46qj5vnys1-binutils-2.35.2/bin/ld: cannot find -lboost_system--1_69
collect2: error: ld returned 1 exit status
configure:19913: $? = 1
configure:19898: re-using the existing conftest.o
configure:19904: g++ -o conftest -std=c++20 -O0 -g -fno-inline -std=c++20 -pipe    conftest.o -lboost_system--1_69  >&5
/nix/store/hwjfmjmdj72045gk3b843x46qj5vnys1-binutils-2.35.2/bin/ld: cannot find -lboost_system--1_69
collect2: error: ld returned 1 exit status
configure:19913: $? = 1
configure:19898: re-using the existing conftest.o
configure:19904: g++ -o conftest -std=c++20 -O0 -g -fno-inline -std=c++20 -pipe    conftest.o -lboost_system--mt-d-1_69  >&5
/nix/store/hwjfmjmdj72045gk3b843x46qj5vnys1-binutils-2.35.2/bin/ld: cannot find -lboost_system--mt-d-1_69
collect2: error: ld returned 1 exit status
configure:19913: $? = 1
configure:19898: re-using the existing conftest.o
configure:19904: g++ -o conftest -std=c++20 -O0 -g -fno-inline -std=c++20 -pipe    conftest.o -lboost_system--mt-d-1_69  >&5
/nix/store/hwjfmjmdj72045gk3b843x46qj5vnys1-binutils-2.35.2/bin/ld: cannot find -lboost_system--mt-d-1_69
collect2: error: ld returned 1 exit status
configure:19913: $? = 1
configure:19898: re-using the existing conftest.o
configure:19904: g++ -o conftest -std=c++20 -O0 -g -fno-inline -std=c++20 -pipe    conftest.o -lboost_system--d-1_69  >&5
/nix/store/hwjfmjmdj72045gk3b843x46qj5vnys1-binutils-2.35.2/bin/ld: cannot find -lboost_system--d-1_69
collect2: error: ld returned 1 exit status
configure:19913: $? = 1
configure:19898: re-using the existing conftest.o
configure:19904: g++ -o conftest -std=c++20 -O0 -g -fno-inline -std=c++20 -pipe    conftest.o -lboost_system--d-1_69  >&5
/nix/store/hwjfmjmdj72045gk3b843x46qj5vnys1-binutils-2.35.2/bin/ld: cannot find -lboost_system--d-1_69
collect2: error: ld returned 1 exit status
configure:19913: $? = 1
configure:19898: re-using the existing conftest.o
configure:19904: g++ -o conftest -std=c++20 -O0 -g -fno-inline -std=c++20 -pipe    conftest.o -lboost_system--mt  >&5
/nix/store/hwjfmjmdj72045gk3b843x46qj5vnys1-binutils-2.35.2/bin/ld: cannot find -lboost_system--mt
collect2: error: ld returned 1 exit status
configure:19913: $? = 1
configure:19898: re-using the existing conftest.o
configure:19904: g++ -o conftest -std=c++20 -O0 -g -fno-inline -std=c++20 -pipe    conftest.o -lboost_system--mt  >&5
/nix/store/hwjfmjmdj72045gk3b843x46qj5vnys1-binutils-2.35.2/bin/ld: cannot find -lboost_system--mt
collect2: error: ld returned 1 exit status
configure:19913: $? = 1
configure:19898: re-using the existing conftest.o
configure:19904: g++ -o conftest -std=c++20 -O0 -g -fno-inline -std=c++20 -pipe    conftest.o -lboost_system-  >&5
/nix/store/hwjfmjmdj72045gk3b843x46qj5vnys1-binutils-2.35.2/bin/ld: cannot find -lboost_system-
collect2: error: ld returned 1 exit status
configure:19913: $? = 1
configure:19898: re-using the existing conftest.o
configure:19904: g++ -o conftest -std=c++20 -O0 -g -fno-inline -std=c++20 -pipe    conftest.o -lboost_system-  >&5
/nix/store/hwjfmjmdj72045gk3b843x46qj5vnys1-binutils-2.35.2/bin/ld: cannot find -lboost_system-
collect2: error: ld returned 1 exit status
configure:19913: $? = 1
configure:19898: re-using the existing conftest.o
configure:19904: g++ -o conftest -std=c++20 -O0 -g -fno-inline -std=c++20 -pipe    conftest.o -lboost_system--mt-d  >&5
/nix/store/hwjfmjmdj72045gk3b843x46qj5vnys1-binutils-2.35.2/bin/ld: cannot find -lboost_system--mt-d
collect2: error: ld returned 1 exit status
configure:19913: $? = 1
configure:19898: re-using the existing conftest.o
configure:19904: g++ -o conftest -std=c++20 -O0 -g -fno-inline -std=c++20 -pipe    conftest.o -lboost_system--mt-d  >&5
/nix/store/hwjfmjmdj72045gk3b843x46qj5vnys1-binutils-2.35.2/bin/ld: cannot find -lboost_system--mt-d
collect2: error: ld returned 1 exit status
configure:19913: $? = 1
configure:19898: re-using the existing conftest.o
configure:19904: g++ -o conftest -std=c++20 -O0 -g -fno-inline -std=c++20 -pipe    conftest.o -lboost_system--d  >&5
/nix/store/hwjfmjmdj72045gk3b843x46qj5vnys1-binutils-2.35.2/bin/ld: cannot find -lboost_system--d
collect2: error: ld returned 1 exit status
configure:19913: $? = 1
configure:19898: re-using the existing conftest.o
configure:19904: g++ -o conftest -std=c++20 -O0 -g -fno-inline -std=c++20 -pipe    conftest.o -lboost_system--d  >&5
/nix/store/hwjfmjmdj72045gk3b843x46qj5vnys1-binutils-2.35.2/bin/ld: cannot find -lboost_system--d
collect2: error: ld returned 1 exit status
configure:19913: $? = 1
configure:19898: re-using the existing conftest.o
configure:19904: g++ -o conftest -std=c++20 -O0 -g -fno-inline -std=c++20 -pipe    conftest.o -lboost_system-mt-1_69  >&5
/nix/store/hwjfmjmdj72045gk3b843x46qj5vnys1-binutils-2.35.2/bin/ld: cannot find -lboost_system-mt-1_69
collect2: error: ld returned 1 exit status
configure:19913: $? = 1
configure:19898: re-using the existing conftest.o
configure:19904: g++ -o conftest -std=c++20 -O0 -g -fno-inline -std=c++20 -pipe    conftest.o -lboost_system-mt-1_69  >&5
/nix/store/hwjfmjmdj72045gk3b843x46qj5vnys1-binutils-2.35.2/bin/ld: cannot find -lboost_system-mt-1_69
collect2: error: ld returned 1 exit status
configure:19913: $? = 1
configure:19898: re-using the existing conftest.o
configure:19904: g++ -o conftest -std=c++20 -O0 -g -fno-inline -std=c++20 -pipe    conftest.o -lboost_system-1_69  >&5
/nix/store/hwjfmjmdj72045gk3b843x46qj5vnys1-binutils-2.35.2/bin/ld: cannot find -lboost_system-1_69
collect2: error: ld returned 1 exit status
configure:19913: $? = 1
configure:19898: re-using the existing conftest.o
configure:19904: g++ -o conftest -std=c++20 -O0 -g -fno-inline -std=c++20 -pipe    conftest.o -lboost_system-1_69  >&5
/nix/store/hwjfmjmdj72045gk3b843x46qj5vnys1-binutils-2.35.2/bin/ld: cannot find -lboost_system-1_69
collect2: error: ld returned 1 exit status
configure:19913: $? = 1
configure:19898: re-using the existing conftest.o
configure:19904: g++ -o conftest -std=c++20 -O0 -g -fno-inline -std=c++20 -pipe    conftest.o -lboost_system-mt-d-1_69  >&5
/nix/store/hwjfmjmdj72045gk3b843x46qj5vnys1-binutils-2.35.2/bin/ld: cannot find -lboost_system-mt-d-1_69
collect2: error: ld returned 1 exit status
configure:19913: $? = 1
configure:19898: re-using the existing conftest.o
configure:19904: g++ -o conftest -std=c++20 -O0 -g -fno-inline -std=c++20 -pipe    conftest.o -lboost_system-mt-d-1_69  >&5
/nix/store/hwjfmjmdj72045gk3b843x46qj5vnys1-binutils-2.35.2/bin/ld: cannot find -lboost_system-mt-d-1_69
collect2: error: ld returned 1 exit status
configure:19913: $? = 1
configure:19898: re-using the existing conftest.o
configure:19904: g++ -o conftest -std=c++20 -O0 -g -fno-inline -std=c++20 -pipe    conftest.o -lboost_system-d-1_69  >&5
/nix/store/hwjfmjmdj72045gk3b843x46qj5vnys1-binutils-2.35.2/bin/ld: cannot find -lboost_system-d-1_69
collect2: error: ld returned 1 exit status
configure:19913: $? = 1
configure:19898: re-using the existing conftest.o
configure:19904: g++ -o conftest -std=c++20 -O0 -g -fno-inline -std=c++20 -pipe    conftest.o -lboost_system-d-1_69  >&5
/nix/store/hwjfmjmdj72045gk3b843x46qj5vnys1-binutils-2.35.2/bin/ld: cannot find -lboost_system-d-1_69
collect2: error: ld returned 1 exit status
configure:19913: $? = 1
configure:19898: re-using the existing conftest.o
configure:19904: g++ -o conftest -std=c++20 -O0 -g -fno-inline -std=c++20 -pipe    conftest.o -lboost_system-mt  >&5
/nix/store/hwjfmjmdj72045gk3b843x46qj5vnys1-binutils-2.35.2/bin/ld: cannot find -lboost_system-mt
collect2: error: ld returned 1 exit status
configure:19913: $? = 1
configure:19898: re-using the existing conftest.o
configure:19904: g++ -o conftest -std=c++20 -O0 -g -fno-inline -std=c++20 -pipe    conftest.o -lboost_system-mt  >&5
/nix/store/hwjfmjmdj72045gk3b843x46qj5vnys1-binutils-2.35.2/bin/ld: cannot find -lboost_system-mt
collect2: error: ld returned 1 exit status
configure:19913: $? = 1
configure:19898: re-using the existing conftest.o
configure:19904: g++ -o conftest -std=c++20 -O0 -g -fno-inline -std=c++20 -pipe    conftest.o -lboost_system  >&5
configure:19913: $? = 0
configure:20028: result: yes
configure:20066: checking whether building tcsh
configure:20084: SWIG use disabled: dynamic libraries disabled
configure:20903: result: no
configure:21051: checking that generated files are newer than configure
configure:21057: result: done
configure:21104: creating ./config.status

## ---------------------- ##
## Running config.status. ##
## ---------------------- ##

This file was extended by LRDE Tiger Compiler config.status 1.91.a, which was
generated by GNU Autoconf 2.71.  Invocation command line was

  CONFIG_FILES    = 
  CONFIG_HEADERS  = 
  CONFIG_LINKS    = 
  CONFIG_COMMANDS = 
  $ ./config.status 

on r10p05.sm28.rns-stc.sm.cri.epita.fr

config.status:1205: creating build-aux/bin/flex++
config.status:1205: creating build-aux/bin/bison++
config.status:1205: creating tcsh/Makefile
config.status:1205: creating doc/Doxyfile
config.status:1205: creating tcsh/run
config.status:1205: creating tests/Makefile
config.status:1205: creating Makefile
config.status:1205: creating config.h
config.status:1434: executing depfiles commands
config.status:1511: cd .       && sed -e '/# am--include-marker/d' Makefile         | make -f - am--depfiles
/tmp/GmbAvVhw:2641: warning: overriding recipe for target 'doc/Doxyfile'
/tmp/GmbAvVhw:1309: warning: ignoring old recipe for target 'doc/Doxyfile'
make: Nothing to be done for 'am--depfiles'.
config.status:1516: $? = 0
config.status:1434: executing libtool commands

## ---------------- ##
## Cache variables. ##
## ---------------- ##

ac_cv_BISON_actual_version=3.8.2
ac_cv_BISON_version=yes
ac_cv_FLEX_actual_version=2.6.4
ac_cv_FLEX_version=yes
ac_cv_build=x86_64-pc-linux-gnu
ac_cv_c_compiler_gnu=yes
ac_cv_cxx_compiler_gnu=yes
ac_cv_cxx_supports_=yes
ac_cv_cxx_supports__W=yes
ac_cv_cxx_supports__Wall=yes
ac_cv_cxx_supports__Wbad_function_cast=no
ac_cv_cxx_supports__Wcast_align=yes
ac_cv_cxx_supports__Wcast_qual=yes
ac_cv_cxx_supports__Wformat=yes
ac_cv_cxx_supports__Wmissing_declarations=yes
ac_cv_cxx_supports__Wmissing_prototypes=no
ac_cv_cxx_supports__Wnested_externs=no
ac_cv_cxx_supports__Wno_shadow=yes
ac_cv_cxx_supports__Wno_strict_aliasing=yes
ac_cv_cxx_supports__Woverloaded_virtual=yes
ac_cv_cxx_supports__Wstrict_prototypes=no
ac_cv_cxx_supports__Wunused_function=yes
ac_cv_cxx_supports__Wunused_parameter=yes
ac_cv_cxx_supports__Wwrite_strings=yes
ac_cv_cxx_supports__wd111_193_279_383_444_522_654_810_981_1418=no
ac_cv_env_BISON_set=
ac_cv_env_BISON_value=
ac_cv_env_BOOST_ROOT_set=
ac_cv_env_BOOST_ROOT_value=
ac_cv_env_CCC_set=
ac_cv_env_CCC_value=
ac_cv_env_CC_set=
ac_cv_env_CC_value=
ac_cv_env_CFLAGS_set=
ac_cv_env_CFLAGS_value=
ac_cv_env_CPPFLAGS_set=
ac_cv_env_CPPFLAGS_value=
ac_cv_env_CXXCPP_set=
ac_cv_env_CXXCPP_value=
ac_cv_env_CXXFLAGS_set=set
ac_cv_env_CXXFLAGS_value='-std=c++20 -O0 -g -fno-inline'
ac_cv_env_CXX_set=
ac_cv_env_CXX_value=
ac_cv_env_EMACSLOADPATH_set=
ac_cv_env_EMACSLOADPATH_value=
ac_cv_env_EMACS_set=
ac_cv_env_EMACS_value=
ac_cv_env_FLEX_set=
ac_cv_env_FLEX_value=
ac_cv_env_LDFLAGS_set=
ac_cv_env_LDFLAGS_value=
ac_cv_env_LIBS_set=
ac_cv_env_LIBS_value=
ac_cv_env_LT_SYS_LIBRARY_PATH_set=
ac_cv_env_LT_SYS_LIBRARY_PATH_value=
ac_cv_env_PYTHON_set=
ac_cv_env_PYTHON_value=
ac_cv_env_RUBY_CPPFLAGS_set=
ac_cv_env_RUBY_CPPFLAGS_value=
ac_cv_env_build_alias_set=
ac_cv_env_build_alias_value=
ac_cv_env_host_alias_set=
ac_cv_env_host_alias_value=
ac_cv_env_target_alias_set=
ac_cv_env_target_alias_value=
ac_cv_header_boost_algorithm_string_hpp=yes
ac_cv_header_boost_cast_hpp=yes
ac_cv_header_boost_graph_adjacency_list_hpp=yes
ac_cv_header_boost_lexical_cast_hpp=yes
ac_cv_header_boost_program_options_hpp=yes
ac_cv_header_boost_system_error_code_hpp=yes
ac_cv_header_dlfcn_h=yes
ac_cv_header_inttypes_h=yes
ac_cv_header_stdint_h=yes
ac_cv_header_stdio_h=yes
ac_cv_header_stdlib_h=yes
ac_cv_header_string_h=yes
ac_cv_header_strings_h=yes
ac_cv_header_sys_stat_h=yes
ac_cv_header_sys_types_h=yes
ac_cv_header_unistd_h=yes
ac_cv_host=x86_64-pc-linux-gnu
ac_cv_objext=o
ac_cv_path_EGREP='/run/current-system/sw/bin/grep -E'
ac_cv_path_FGREP='/run/current-system/sw/bin/grep -F'
ac_cv_path_GREP=/run/current-system/sw/bin/grep
ac_cv_path_SED=/run/current-system/sw/bin/sed
ac_cv_path_install='/run/current-system/sw/bin/install -c'
ac_cv_path_lt_DD=/run/current-system/sw/bin/dd
ac_cv_path_mkdir=/run/current-system/sw/bin/mkdir
ac_cv_prog_AWK=gawk
ac_cv_prog_BISON=bison
ac_cv_prog_CLANG_FORMAT=clang-format
ac_cv_prog_CXXCPP='g++ -E'
ac_cv_prog_EMACS=emacs
ac_cv_prog_FLEX=flex
ac_cv_prog_ac_ct_AR=ar
ac_cv_prog_ac_ct_CC=gcc
ac_cv_prog_ac_ct_CXX=g++
ac_cv_prog_ac_ct_OBJDUMP=objdump
ac_cv_prog_ac_ct_RANLIB=ranlib
ac_cv_prog_ac_ct_STRIP=strip
ac_cv_prog_cc_c11=
ac_cv_prog_cc_g=yes
ac_cv_prog_cc_stdc=
ac_cv_prog_cxx_11=no
ac_cv_prog_cxx_g=yes
ac_cv_prog_cxx_stdcxx=
ac_cv_prog_make_make_set=yes
am_cv_CC_dependencies_compiler_type=gcc3
am_cv_CXX_dependencies_compiler_type=gcc3
am_cv_ar_interface=ar
am_cv_lispdir='${datarootdir}/emacs/site-lisp'
am_cv_make_support_nested_variables=yes
am_cv_prog_cc_c_o=yes
ax_cv_check_cxxflags___pipe=yes
ax_cv_check_cxxflags___std_cpp20=yes
boost_cv_inc_path=yes
boost_cv_lib_graph=yes
boost_cv_lib_graph_LDPATH=
boost_cv_lib_graph_LIBS=-lboost_graph
boost_cv_lib_program_options=yes
boost_cv_lib_program_options_LDPATH=
boost_cv_lib_program_options_LIBS=-lboost_program_options
boost_cv_lib_system=yes
boost_cv_lib_system_LDPATH=
boost_cv_lib_system_LIBS=-lboost_system
boost_cv_lib_tag=
boost_cv_lib_version=1_69
boost_cv_rpath_link_ldflag=
lt_cv_ar_at_file=@
lt_cv_deplibs_check_method=pass_all
lt_cv_file_magic_cmd='$MAGIC_CMD'
lt_cv_file_magic_test_file=
lt_cv_ld_reload_flag=-r
lt_cv_nm_interface='BSD nm'
lt_cv_objdir=.libs
lt_cv_path_LD=/nix/store/n5vkys6wvrfnkd381d39y5926rpqpk4w-gcc-wrapper-10.3.0/bin/ld
lt_cv_path_LDCXX=/nix/store/n5vkys6wvrfnkd381d39y5926rpqpk4w-gcc-wrapper-10.3.0/bin/ld
lt_cv_path_NM='/run/current-system/sw/bin/nm -B'
lt_cv_path_mainfest_tool=no
lt_cv_prog_compiler_c_o=yes
lt_cv_prog_compiler_c_o_CXX=yes
lt_cv_prog_compiler_pic='-fPIC -DPIC'
lt_cv_prog_compiler_pic_CXX='-fPIC -DPIC'
lt_cv_prog_compiler_pic_works=yes
lt_cv_prog_compiler_pic_works_CXX=yes
lt_cv_prog_compiler_rtti_exceptions=no
lt_cv_prog_compiler_static_works=no
lt_cv_prog_compiler_static_works_CXX=no
lt_cv_prog_gnu_ld=yes
lt_cv_prog_gnu_ldcxx=yes
lt_cv_sharedlib_from_linklib_cmd='printf %s\n'
lt_cv_shlibpath_overrides_runpath=yes
lt_cv_sys_global_symbol_pipe='sed -n -e '\''s/^.*[	 ]\([ABCDGIRSTW][ABCDGIRSTW]*\)[	 ][	 ]*\([_A-Za-z][_A-Za-z0-9]*\)$/\1 \2 \2/p'\'' | sed '\''/ __gnu_lto/d'\'''
lt_cv_sys_global_symbol_to_c_name_address='sed -n -e '\''s/^: \(.*\) .*$/  {"\1", (void *) 0},/p'\'' -e '\''s/^[ABCDGIRSTW][ABCDGIRSTW]* .* \(.*\)$/  {"\1", (void *) \&\1},/p'\'''
lt_cv_sys_global_symbol_to_c_name_address_lib_prefix='sed -n -e '\''s/^: \(.*\) .*$/  {"\1", (void *) 0},/p'\'' -e '\''s/^[ABCDGIRSTW][ABCDGIRSTW]* .* \(lib.*\)$/  {"\1", (void *) \&\1},/p'\'' -e '\''s/^[ABCDGIRSTW][ABCDGIRSTW]* .* \(.*\)$/  {"lib\1", (void *) \&\1},/p'\'''
lt_cv_sys_global_symbol_to_cdecl='sed -n -e '\''s/^T .* \(.*\)$/extern int \1();/p'\'' -e '\''s/^[ABCDGIRSTW][ABCDGIRSTW]* .* \(.*\)$/extern char \1;/p'\'''
lt_cv_sys_global_symbol_to_import=
lt_cv_sys_max_cmd_len=1572864
lt_cv_to_host_file_cmd=func_convert_file_noop
lt_cv_to_tool_file_cmd=func_convert_file_noop
lt_cv_truncate_bin='/run/current-system/sw/bin/dd bs=4096 count=1'
tc_cv_with_tcsh=no

## ----------------- ##
## Output variables. ##
## ----------------- ##

ACLOCAL='${SHELL} '\''/home/thibault.boutet/afs/ING1/Tiger/tigre/build-aux/missing'\'' aclocal-1.16'
AMDEPBACKSLASH='\'
AMDEP_FALSE='#'
AMDEP_TRUE=''
AMTAR='$${TAR-tar}'
AM_BACKSLASH='\'
AM_DEFAULT_V='$(AM_DEFAULT_VERBOSITY)'
AM_DEFAULT_VERBOSITY='0'
AM_V='$(V)'
AR='ar'
AUTOCONF='${SHELL} '\''/home/thibault.boutet/afs/ING1/Tiger/tigre/build-aux/missing'\'' autoconf'
AUTOHEADER='${SHELL} '\''/home/thibault.boutet/afs/ING1/Tiger/tigre/build-aux/missing'\'' autoheader'
AUTOMAKE='${SHELL} '\''/home/thibault.boutet/afs/ING1/Tiger/tigre/build-aux/missing'\'' automake-1.16'
AWK='gawk'
BISON='bison'
BOOST_CPPFLAGS=''
BOOST_GRAPH_LDFLAGS=''
BOOST_GRAPH_LDPATH=''
BOOST_GRAPH_LIBS='-lboost_graph'
BOOST_LDPATH=''
BOOST_PROGRAM_OPTIONS_LDFLAGS=''
BOOST_PROGRAM_OPTIONS_LDPATH=''
BOOST_PROGRAM_OPTIONS_LIBS='-lboost_program_options'
BOOST_ROOT=''
BOOST_SYSTEM_LDFLAGS=''
BOOST_SYSTEM_LDPATH=''
BOOST_SYSTEM_LIBS='-lboost_system'
CC='gcc'
CCDEPMODE='depmode=gcc3'
CFLAGS='-g -O2'
CLANG_FORMAT='clang-format'
CPPFLAGS=''
CXX='g++'
CXXCPP='g++ -E'
CXXDEPMODE='depmode=gcc3'
CXXFLAGS='-std=c++20 -O0 -g -fno-inline -std=c++20 -pipe'
CYGPATH_W='echo'
DARWIN_FALSE=''
DARWIN_TRUE='#'
DEFS='-DHAVE_CONFIG_H'
DEPDIR='.deps'
DISTCHECK_CONFIGURE_FLAGS=' '\''--with-boost='\'''
DLLTOOL='false'
DSYMUTIL=''
DUMPBIN=''
ECHO_C=''
ECHO_N='-n'
ECHO_T=''
EGREP='/run/current-system/sw/bin/grep -E'
EMACS='emacs'
EMACSLOADPATH=''
ENABLE_TCSH_FALSE=''
ENABLE_TCSH_TRUE='#'
EXEEXT=''
FGREP='/run/current-system/sw/bin/grep -F'
FLEX='flex'
GREP='/run/current-system/sw/bin/grep'
IA32_FREEBSD_FALSE=''
IA32_FREEBSD_TRUE='#'
IA32_GNU_LINUX_FALSE='#'
IA32_GNU_LINUX_TRUE=''
INSTALL_DATA='${INSTALL} -m 644'
INSTALL_PROGRAM='${INSTALL}'
INSTALL_SCRIPT='${INSTALL}'
INSTALL_STRIP_PROGRAM='$(install_sh) -c -s'
LD='/nix/store/n5vkys6wvrfnkd381d39y5926rpqpk4w-gcc-wrapper-10.3.0/bin/ld'
LDFLAGS=''
LIBOBJS=''
LIBS=''
LIBTOOL='$(SHELL) $(top_builddir)/libtool'
LIPO=''
LN_S='ln -s'
LTLIBOBJS=''
LT_SYS_LIBRARY_PATH=''
MAKEINFO='${SHELL} '\''/home/thibault.boutet/afs/ING1/Tiger/tigre/build-aux/missing'\'' makeinfo'
MANIFEST_TOOL=':'
MKDIR_P='/run/current-system/sw/bin/mkdir -p'
NM='/run/current-system/sw/bin/nm -B'
NMEDIT=''
NO_STRICT_ALIASING_CXXFLAGS=' -Wno-strict-aliasing'
OBJDUMP='objdump'
OBJEXT='o'
OTOOL64=''
OTOOL=''
PACKAGE='tc'
PACKAGE_BUGREPORT='tiger@lrde.epita.fr'
PACKAGE_NAME='LRDE Tiger Compiler'
PACKAGE_STRING='LRDE Tiger Compiler 1.91.a'
PACKAGE_TARNAME='tc'
PACKAGE_URL='http://tiger.lrde.epita.fr'
PACKAGE_VERSION='1.91.a'
PATH_SEPARATOR=':'
PYTHON=''
PYTHONINC=''
PYTHON_EXEC_PREFIX=''
PYTHON_PLATFORM=''
PYTHON_PREFIX=''
PYTHON_VERSION=''
RANLIB='ranlib'
RUBY=''
RUBY_CPPFLAGS=''
SED='/run/current-system/sw/bin/sed'
SET_MAKE=''
SHELL='/bin/sh'
STRIP='strip'
SUPPORTED_IA32_FALSE='#'
SUPPORTED_IA32_TRUE=''
SWIG=''
SWIG_LIB=''
VERSION='1.91.a'
WARNING_CXXFLAGS=' -Wall -W -Wcast-align -Wcast-qual -Wformat -Wwrite-strings -Wmissing-declarations -Wunused-parameter -Wunused-function -Woverloaded-virtual  -Wno-shadow'
ac_ct_AR='ar'
ac_ct_CC='gcc'
ac_ct_CXX='g++'
ac_ct_DUMPBIN=''
am__EXEEXT_FALSE=''
am__EXEEXT_TRUE='#'
am__fastdepCC_FALSE='#'
am__fastdepCC_TRUE=''
am__fastdepCXX_FALSE='#'
am__fastdepCXX_TRUE=''
am__include='-include'
am__isrc=''
am__leading_dot='.'
am__nodep='_no'
am__quote=''
am__tar='$${TAR-tar} chof - "$$tardir"'
am__untar='$${TAR-tar} xf -'
bindir='${exec_prefix}/bin'
build='x86_64-pc-linux-gnu'
build_alias=''
build_cpu='x86_64'
build_os='linux-gnu'
build_vendor='pc'
datadir='${datarootdir}'
datarootdir='${prefix}/share'
docdir='${datarootdir}/doc/${PACKAGE_TARNAME}'
dvidir='${docdir}'
exec_prefix='${prefix}'
host='x86_64-pc-linux-gnu'
host_alias=''
host_cpu='x86_64'
host_os='linux-gnu'
host_vendor='pc'
htmldir='${docdir}'
includedir='${prefix}/include'
infodir='${datarootdir}/info'
install_sh='${SHELL} /home/thibault.boutet/afs/ING1/Tiger/tigre/build-aux/install-sh'
libdir='${exec_prefix}/lib'
libexecdir='${exec_prefix}/libexec'
lispdir='${datarootdir}/emacs/site-lisp'
localedir='${datarootdir}/locale'
localstatedir='${prefix}/var'
mandir='${datarootdir}/man'
mkdir_p='$(MKDIR_P)'
oldincludedir='/usr/include'
pdfdir='${docdir}'
pkgpyexecdir=''
pkgpythondir=''
prefix='/usr/local'
program_transform_name='s,x,x,'
psdir='${docdir}'
pyexecdir=''
pythondir=''
runstatedir='${localstatedir}/run'
sbindir='${exec_prefix}/sbin'
sharedstatedir='${prefix}/com'
sysconfdir='${prefix}/etc'
target_alias=''

## ----------- ##
## confdefs.h. ##
## ----------- ##

/* confdefs.h */
#define PACKAGE_NAME "LRDE Tiger Compiler"
#define PACKAGE_TARNAME "tc"
#define PACKAGE_VERSION "1.91.a"
#define PACKAGE_STRING "LRDE Tiger Compiler 1.91.a"
#define PACKAGE_BUGREPORT "tiger@lrde.epita.fr"
#define PACKAGE_URL "http://tiger.lrde.epita.fr"
#define PACKAGE "tc"
#define VERSION "1.91.a"
#define FLEX_MAJOR_VERSION 2
#define FLEX_MINOR_VERSION 6
#define FLEX_SUBMINOR_VERSION 4
#define HAVE_STDIO_H 1
#define HAVE_STDLIB_H 1
#define HAVE_STRING_H 1
#define HAVE_INTTYPES_H 1
#define HAVE_STDINT_H 1
#define HAVE_STRINGS_H 1
#define HAVE_SYS_STAT_H 1
#define HAVE_SYS_TYPES_H 1
#define HAVE_UNISTD_H 1
#define STDC_HEADERS 1
#define HAVE_DLFCN_H 1
#define LT_OBJDIR ".libs/"
#define HAVE_BOOST 1
#define HAVE_BOOST_CAST_HPP 1
#define HAVE_BOOST_LEXICAL_CAST_HPP 1
#define HAVE_BOOST_GRAPH_ADJACENCY_LIST_HPP 1
#define HAVE_BOOST_PROGRAM_OPTIONS_HPP 1
#define HAVE_BOOST_ALGORITHM_STRING_HPP 1
#define HAVE_BOOST_SYSTEM_ERROR_CODE_HPP 1

configure: exit 0
